mode: atomic
github.com/kong/deck/diff/diff.go:50.39,59.2 4 0
github.com/kong/deck/diff/diff.go:114.50,133.28 2 0
github.com/kong/deck/diff/diff.go:133.28,135.3 1 0
github.com/kong/deck/diff/diff.go:136.2,136.28 1 0
github.com/kong/deck/diff/diff.go:136.28,138.3 1 0
github.com/kong/deck/diff/diff.go:139.2,139.28 1 0
github.com/kong/deck/diff/diff.go:139.28,141.3 1 0
github.com/kong/deck/diff/diff.go:143.2,144.16 2 0
github.com/kong/deck/diff/diff.go:144.16,146.3 1 0
github.com/kong/deck/diff/diff.go:148.2,148.15 1 0
github.com/kong/deck/diff/diff.go:151.32,182.38 4 0
github.com/kong/deck/diff/diff.go:182.38,184.17 2 0
github.com/kong/deck/diff/diff.go:184.17,186.4 1 0
github.com/kong/deck/diff/diff.go:187.3,189.49 3 0
github.com/kong/deck/diff/diff.go:191.2,191.12 1 0
github.com/kong/deck/diff/diff.go:194.32,199.4 1 0
github.com/kong/deck/diff/diff.go:199.4,201.17 2 0
github.com/kong/deck/diff/diff.go:201.17,203.4 1 0
github.com/kong/deck/diff/diff.go:205.2,205.12 1 0
github.com/kong/deck/diff/diff.go:208.44,210.36 2 0
github.com/kong/deck/diff/diff.go:210.36,211.33 1 0
github.com/kong/deck/diff/diff.go:211.33,213.11 2 0
github.com/kong/deck/diff/diff.go:213.11,214.13 1 0
github.com/kong/deck/diff/diff.go:216.4,217.18 2 0
github.com/kong/deck/diff/diff.go:217.18,219.5 1 0
github.com/kong/deck/diff/diff.go:220.4,220.44 1 0
github.com/kong/deck/diff/diff.go:224.2,224.74 1 0
github.com/kong/deck/diff/diff.go:227.79,235.59 2 0
github.com/kong/deck/diff/diff.go:235.59,237.11 2 0
github.com/kong/deck/diff/diff.go:237.11,239.5 1 0
github.com/kong/deck/diff/diff.go:240.4,240.66 1 0
github.com/kong/deck/diff/diff.go:244.2,244.39 1 0
github.com/kong/deck/diff/diff.go:244.39,245.32 1 0
github.com/kong/deck/diff/diff.go:245.32,247.18 2 0
github.com/kong/deck/diff/diff.go:247.18,249.5 1 0
github.com/kong/deck/diff/diff.go:250.4,250.40 1 0
github.com/kong/deck/diff/diff.go:250.40,251.13 1 0
github.com/kong/deck/diff/diff.go:253.4,253.47 1 0
github.com/kong/deck/diff/diff.go:253.47,255.5 1 0
github.com/kong/deck/diff/diff.go:256.4,256.36 1 0
github.com/kong/deck/diff/diff.go:260.3,260.12 1 0
github.com/kong/deck/diff/diff.go:263.2,263.12 1 0
github.com/kong/deck/diff/diff.go:266.34,267.39 1 0
github.com/kong/deck/diff/diff.go:267.39,268.36 1 0
github.com/kong/deck/diff/diff.go:268.36,270.18 2 0
github.com/kong/deck/diff/diff.go:270.18,272.5 1 0
github.com/kong/deck/diff/diff.go:273.4,273.13 1 0
github.com/kong/deck/diff/diff.go:276.2,276.12 1 0
github.com/kong/deck/diff/diff.go:279.40,280.32 1 0
github.com/kong/deck/diff/diff.go:280.32,281.36 1 0
github.com/kong/deck/diff/diff.go:281.36,283.18 2 0
github.com/kong/deck/diff/diff.go:283.18,285.5 1 0
github.com/kong/deck/diff/diff.go:286.4,286.13 1 0
github.com/kong/deck/diff/diff.go:289.2,289.12 1 0
github.com/kong/deck/diff/diff.go:292.50,294.9 2 0
github.com/kong/deck/diff/diff.go:295.25,296.13 1 0
github.com/kong/deck/diff/diff.go:297.21,299.26 2 0
github.com/kong/deck/diff/diff.go:303.36,305.2 1 0
github.com/kong/deck/diff/diff.go:307.26,309.45 2 0
github.com/kong/deck/diff/diff.go:309.45,310.10 1 0
github.com/kong/deck/diff/diff.go:311.22,312.10 1 0
github.com/kong/deck/diff/diff.go:313.11,314.36 1 0
github.com/kong/deck/diff/diff.go:320.75,321.21 1 0
github.com/kong/deck/diff/diff.go:321.21,323.3 1 0
github.com/kong/deck/diff/diff.go:325.2,335.35 7 0
github.com/kong/deck/diff/diff.go:335.35,336.13 1 0
github.com/kong/deck/diff/diff.go:336.13,338.18 2 0
github.com/kong/deck/diff/diff.go:338.18,340.5 1 0
github.com/kong/deck/diff/diff.go:341.4,341.13 1 0
github.com/kong/deck/diff/diff.go:346.2,347.12 2 0
github.com/kong/deck/diff/diff.go:347.12,349.17 2 0
github.com/kong/deck/diff/diff.go:349.17,351.4 1 0
github.com/kong/deck/diff/diff.go:352.3,353.12 2 0
github.com/kong/deck/diff/diff.go:357.2,357.12 1 0
github.com/kong/deck/diff/diff.go:357.12,360.3 2 0
github.com/kong/deck/diff/diff.go:362.2,363.9 2 0
github.com/kong/deck/diff/diff.go:364.20,365.80 1 0
github.com/kong/deck/diff/diff.go:366.31,367.23 1 0
github.com/kong/deck/diff/diff.go:367.23,368.41 1 0
github.com/kong/deck/diff/diff.go:368.41,370.5 1 0
github.com/kong/deck/diff/diff.go:375.2,378.30 2 0
github.com/kong/deck/diff/diff.go:378.30,379.40 1 0
github.com/kong/deck/diff/diff.go:379.40,381.4 1 0
github.com/kong/deck/diff/diff.go:384.2,384.13 1 0
github.com/kong/deck/diff/diff.go:390.62,391.34 1 0
github.com/kong/deck/diff/diff.go:391.34,393.10 1 0
github.com/kong/deck/diff/diff.go:394.22,395.14 1 0
github.com/kong/deck/diff/diff.go:396.11,396.11 0 0
github.com/kong/deck/diff/diff.go:399.3,401.17 3 0
github.com/kong/deck/diff/diff.go:401.17,403.4 1 0
github.com/kong/deck/diff/diff.go:405.2,405.12 1 0
github.com/kong/deck/diff/diff.go:408.82,409.36 1 0
github.com/kong/deck/diff/diff.go:409.36,411.17 2 0
github.com/kong/deck/diff/diff.go:411.17,416.59 3 0
github.com/kong/deck/diff/diff.go:416.59,419.5 1 0
github.com/kong/deck/diff/diff.go:422.4,422.33 1 0
github.com/kong/deck/diff/diff.go:424.3,424.17 1 0
github.com/kong/deck/diff/diff.go:424.17,427.4 1 0
github.com/kong/deck/diff/diff.go:428.3,429.17 2 0
github.com/kong/deck/diff/diff.go:429.17,432.4 1 0
github.com/kong/deck/diff/diff.go:433.3,433.13 1 0
github.com/kong/deck/diff/diff.go:436.2,436.12 1 0
github.com/kong/deck/diff/diff.go:447.89,450.50 3 0
github.com/kong/deck/diff/diff.go:450.50,451.16 1 0
github.com/kong/deck/diff/diff.go:451.16,453.4 1 0
github.com/kong/deck/diff/diff.go:453.9,455.4 1 0
github.com/kong/deck/diff/diff.go:456.8,457.16 1 0
github.com/kong/deck/diff/diff.go:457.16,459.4 1 0
github.com/kong/deck/diff/diff.go:459.9,461.4 1 0
github.com/kong/deck/diff/diff.go:463.2,463.16 1 0
github.com/kong/deck/diff/diff.go:463.16,465.3 1 0
github.com/kong/deck/diff/diff.go:466.2,466.19 1 0
github.com/kong/deck/diff/diff.go:466.19,468.3 1 0
github.com/kong/deck/diff/diff.go:469.2,469.24 1 0
github.com/kong/deck/diff/diff.go:475.3,481.31 2 0
github.com/kong/deck/diff/diff.go:481.31,482.13 1 0
github.com/kong/deck/diff/diff.go:483.20,484.32 1 0
github.com/kong/deck/diff/diff.go:485.20,486.32 1 0
github.com/kong/deck/diff/diff.go:487.20,488.32 1 0
github.com/kong/deck/diff/diff.go:492.2,498.72 2 0
github.com/kong/deck/diff/diff.go:498.72,512.15 6 0
github.com/kong/deck/diff/diff.go:513.20,514.17 1 0
github.com/kong/deck/diff/diff.go:514.17,516.5 1 0
github.com/kong/deck/diff/diff.go:516.10,518.5 1 0
github.com/kong/deck/diff/diff.go:519.20,521.18 2 0
github.com/kong/deck/diff/diff.go:521.18,523.5 1 0
github.com/kong/deck/diff/diff.go:524.4,524.17 1 0
github.com/kong/deck/diff/diff.go:524.17,526.5 1 0
github.com/kong/deck/diff/diff.go:526.10,528.5 1 0
github.com/kong/deck/diff/diff.go:529.20,530.17 1 0
github.com/kong/deck/diff/diff.go:530.17,532.5 1 0
github.com/kong/deck/diff/diff.go:532.10,534.5 1 0
github.com/kong/deck/diff/diff.go:535.11,536.47 1 0
github.com/kong/deck/diff/diff.go:539.3,539.11 1 0
github.com/kong/deck/diff/diff.go:539.11,543.18 2 0
github.com/kong/deck/diff/diff.go:543.18,545.5 1 0
github.com/kong/deck/diff/diff.go:546.9,552.4 3 0
github.com/kong/deck/diff/diff.go:554.3,556.21 2 0
github.com/kong/deck/diff/diff.go:558.2,558.28 1 0
github.com/kong/deck/diff/diff_helpers.go:20.60,28.16 8 2
github.com/kong/deck/diff/diff_helpers.go:28.16,30.3 1 0
github.com/kong/deck/diff/diff_helpers.go:31.2,32.66 2 2
github.com/kong/deck/diff/diff_helpers.go:32.66,34.17 2 1
github.com/kong/deck/diff/diff_helpers.go:34.17,36.4 1 0
github.com/kong/deck/diff/diff_helpers.go:37.3,38.17 2 1
github.com/kong/deck/diff/diff_helpers.go:38.17,40.4 1 0
github.com/kong/deck/diff/diff_helpers.go:42.2,45.35 3 2
github.com/kong/deck/diff/diff_helpers.go:48.63,52.16 4 4
github.com/kong/deck/diff/diff_helpers.go:52.16,54.3 1 1
github.com/kong/deck/diff/diff_helpers.go:55.2,56.16 2 3
github.com/kong/deck/diff/diff_helpers.go:56.16,58.3 1 0
github.com/kong/deck/diff/diff_helpers.go:59.2,59.27 1 3
github.com/kong/deck/diff/diff_helpers.go:62.48,64.16 2 2
github.com/kong/deck/diff/diff_helpers.go:64.16,66.3 1 0
github.com/kong/deck/diff/diff_helpers.go:67.2,68.16 2 2
github.com/kong/deck/diff/diff_helpers.go:68.16,70.3 1 0
github.com/kong/deck/diff/diff_helpers.go:73.2,77.16 4 2
github.com/kong/deck/diff/diff_helpers.go:77.16,79.3 1 0
github.com/kong/deck/diff/diff_helpers.go:80.2,82.16 3 2
github.com/kong/deck/diff/diff_helpers.go:82.16,84.3 1 0
github.com/kong/deck/diff/diff_helpers.go:86.2,89.24 3 2
github.com/kong/deck/diff/diff_helpers.go:92.47,94.59 2 4
github.com/kong/deck/diff/diff_helpers.go:94.59,96.3 1 0
github.com/kong/deck/diff/diff_helpers.go:97.2,100.16 4 4
github.com/kong/deck/diff/diff_helpers.go:100.16,102.3 1 0
github.com/kong/deck/diff/diff_helpers.go:103.2,103.21 1 4
github.com/kong/deck/diff/diff_helpers.go:111.34,115.41 3 1
github.com/kong/deck/diff/diff_helpers.go:115.41,117.50 2 46
github.com/kong/deck/diff/diff_helpers.go:117.50,122.4 4 2
github.com/kong/deck/diff/diff_helpers.go:125.2,125.48 1 1
github.com/kong/deck/diff/diff_helpers.go:125.48,127.3 1 1
github.com/kong/deck/diff/diff_helpers.go:128.2,128.22 1 1
github.com/kong/deck/diff/diff_helpers.go:131.48,132.44 1 1
github.com/kong/deck/diff/diff_helpers.go:132.44,134.3 1 2
github.com/kong/deck/diff/diff_helpers.go:135.2,135.19 1 1
github.com/kong/deck/diff/order.go:67.35,69.2 1 0
github.com/kong/deck/diff/order.go:71.42,74.2 2 1
github.com/kong/deck/diff/order.go:76.61,80.12 4 3
github.com/kong/deck/diff/order.go:80.12,86.3 5 3
github.com/kong/deck/diff/order.go:87.2,87.12 1 3
github.com/kong/deck/diff/order.go:90.62,92.21 2 4
github.com/kong/deck/diff/order.go:92.21,95.3 2 11
github.com/kong/deck/diff/order.go:96.2,96.12 1 4
github.com/kong/deck/diff/order.go:99.84,107.31 3 1
github.com/kong/deck/diff/order.go:107.31,109.10 2 8
github.com/kong/deck/diff/order.go:109.10,112.4 2 8
github.com/kong/deck/diff/order.go:114.3,114.61 1 8
github.com/kong/deck/diff/order.go:117.2,117.22 1 1
github.com/kong/deck/diff/order.go:120.70,121.30 1 8
github.com/kong/deck/diff/order.go:121.30,122.36 1 22
github.com/kong/deck/diff/order.go:122.36,123.43 1 84
github.com/kong/deck/diff/order.go:123.43,125.5 1 8
github.com/kong/deck/diff/order.go:130.2,130.11 1 0
github.com/kong/deck/convert/convert.go:35.46,37.16 2 5
github.com/kong/deck/convert/convert.go:38.25,39.32 1 1
github.com/kong/deck/convert/convert.go:40.21,41.28 1 1
github.com/kong/deck/convert/convert.go:42.27,43.34 1 1
github.com/kong/deck/convert/convert.go:44.27,45.34 1 1
github.com/kong/deck/convert/convert.go:46.25,47.32 1 0
github.com/kong/deck/convert/convert.go:48.10,49.53 1 1
github.com/kong/deck/convert/convert.go:60.9,64.16 3 13
github.com/kong/deck/convert/convert.go:64.16,66.3 1 2
github.com/kong/deck/convert/convert.go:68.2,68.9 1 11
github.com/kong/deck/convert/convert.go:69.56,70.30 1 2
github.com/kong/deck/convert/convert.go:70.30,72.4 1 0
github.com/kong/deck/convert/convert.go:73.3,74.17 2 2
github.com/kong/deck/convert/convert.go:74.17,76.4 1 1
github.com/kong/deck/convert/convert.go:78.64,79.30 1 2
github.com/kong/deck/convert/convert.go:79.30,81.4 1 0
github.com/kong/deck/convert/convert.go:82.3,83.17 2 2
github.com/kong/deck/convert/convert.go:83.17,85.4 1 0
github.com/kong/deck/convert/convert.go:89.58,91.17 2 5
github.com/kong/deck/convert/convert.go:91.17,93.4 1 0
github.com/kong/deck/convert/convert.go:95.10,96.73 1 2
github.com/kong/deck/convert/convert.go:99.2,100.12 2 8
github.com/kong/deck/convert/convert.go:103.92,104.18 1 2
github.com/kong/deck/convert/convert.go:104.18,106.3 1 0
github.com/kong/deck/convert/convert.go:107.2,111.49 4 2
github.com/kong/deck/convert/convert.go:111.49,112.40 1 2
github.com/kong/deck/convert/convert.go:112.40,115.18 3 2
github.com/kong/deck/convert/convert.go:115.18,116.24 1 2
github.com/kong/deck/convert/convert.go:116.24,118.6 1 0
github.com/kong/deck/convert/convert.go:118.11,120.6 1 2
github.com/kong/deck/convert/convert.go:123.3,123.35 1 2
github.com/kong/deck/convert/convert.go:126.2,126.28 1 2
github.com/kong/deck/convert/convert.go:126.28,129.28 2 2
github.com/kong/deck/convert/convert.go:129.28,131.4 1 0
github.com/kong/deck/convert/convert.go:132.3,140.66 1 2
github.com/kong/deck/convert/convert.go:143.2,153.27 3 2
github.com/kong/deck/convert/convert.go:156.76,158.35 2 2
github.com/kong/deck/convert/convert.go:158.35,159.70 1 4
github.com/kong/deck/convert/convert.go:159.70,162.4 2 4
github.com/kong/deck/convert/convert.go:164.2,164.26 1 2
github.com/kong/deck/convert/convert.go:167.78,168.18 1 5
github.com/kong/deck/convert/convert.go:168.18,170.3 1 1
github.com/kong/deck/convert/convert.go:171.2,173.49 2 4
github.com/kong/deck/convert/convert.go:173.49,175.17 2 6
github.com/kong/deck/convert/convert.go:175.17,177.4 1 2
github.com/kong/deck/convert/convert.go:178.3,178.88 1 4
github.com/kong/deck/convert/convert.go:182.2,186.27 2 2
github.com/kong/deck/convert/convert.go:189.94,190.25 1 8
github.com/kong/deck/convert/convert.go:190.25,194.3 1 3
github.com/kong/deck/convert/convert.go:196.2,214.8 2 5
github.com/kong/deck/convert/convert.go:217.63,222.2 4 5
github.com/kong/deck/convert/convert.go:232.26,235.20 2 5
github.com/kong/deck/convert/convert.go:237.23,238.47 1 5
github.com/kong/deck/convert/convert.go:239.27,240.47 1 0
github.com/kong/deck/convert/convert.go:243.2,248.16 3 5
github.com/kong/deck/convert/convert.go:248.16,250.3 1 0
github.com/kong/deck/convert/convert.go:251.2,252.16 2 5
github.com/kong/deck/convert/convert.go:252.16,254.3 1 0
github.com/kong/deck/convert/convert.go:257.2,261.4 1 5
github.com/kong/deck/cmd/common.go:47.48,48.34 1 0
github.com/kong/deck/cmd/common.go:48.34,50.3 1 0
github.com/kong/deck/cmd/common.go:51.2,51.17 1 0
github.com/kong/deck/cmd/common.go:55.110,57.25 2 0
github.com/kong/deck/cmd/common.go:57.25,60.3 1 0
github.com/kong/deck/cmd/common.go:62.2,62.34 1 0
github.com/kong/deck/cmd/common.go:62.34,65.3 1 0
github.com/kong/deck/cmd/common.go:67.2,68.16 2 0
github.com/kong/deck/cmd/common.go:68.16,70.3 1 0
github.com/kong/deck/cmd/common.go:72.2,73.16 2 0
github.com/kong/deck/cmd/common.go:73.16,75.3 1 0
github.com/kong/deck/cmd/common.go:76.2,76.20 1 0
github.com/kong/deck/cmd/common.go:81.10,82.69 1 0
github.com/kong/deck/cmd/common.go:82.69,85.23 2 0
github.com/kong/deck/cmd/common.go:85.23,87.4 1 0
github.com/kong/deck/cmd/common.go:87.9,89.4 1 0
github.com/kong/deck/cmd/common.go:90.3,90.23 1 0
github.com/kong/deck/cmd/common.go:92.2,92.32 1 0
github.com/kong/deck/cmd/common.go:95.86,98.58 3 0
github.com/kong/deck/cmd/common.go:98.58,101.3 1 0
github.com/kong/deck/cmd/common.go:102.2,103.26 2 0
github.com/kong/deck/cmd/common.go:103.26,105.3 1 0
github.com/kong/deck/cmd/common.go:106.2,107.25 2 0
github.com/kong/deck/cmd/common.go:107.25,109.3 1 0
github.com/kong/deck/cmd/common.go:110.2,110.60 1 0
github.com/kong/deck/cmd/common.go:110.60,115.3 1 0
github.com/kong/deck/cmd/common.go:116.2,116.30 1 0
github.com/kong/deck/cmd/common.go:116.30,118.3 1 0
github.com/kong/deck/cmd/common.go:119.2,119.30 1 0
github.com/kong/deck/cmd/common.go:119.30,121.3 1 0
github.com/kong/deck/cmd/common.go:122.2,122.12 1 0
github.com/kong/deck/cmd/common.go:127.9,129.22 1 0
github.com/kong/deck/cmd/common.go:129.22,137.3 3 0
github.com/kong/deck/cmd/common.go:138.2,139.16 2 0
github.com/kong/deck/cmd/common.go:139.16,141.3 1 0
github.com/kong/deck/cmd/common.go:142.2,142.30 1 0
github.com/kong/deck/cmd/common.go:142.30,145.3 2 0
github.com/kong/deck/cmd/common.go:146.2,146.28 1 0
github.com/kong/deck/cmd/common.go:146.28,148.3 1 0
github.com/kong/deck/cmd/common.go:150.2,151.9 2 0
github.com/kong/deck/cmd/common.go:151.9,153.3 1 0
github.com/kong/deck/cmd/common.go:155.2,157.25 3 0
github.com/kong/deck/cmd/common.go:157.25,158.36 1 0
github.com/kong/deck/cmd/common.go:158.36,163.4 1 0
github.com/kong/deck/cmd/common.go:164.3,164.22 1 0
github.com/kong/deck/cmd/common.go:164.22,166.4 1 0
github.com/kong/deck/cmd/common.go:167.3,167.35 1 0
github.com/kong/deck/cmd/common.go:167.35,168.86 1 0
github.com/kong/deck/cmd/common.go:168.86,170.5 1 0
github.com/kong/deck/cmd/common.go:172.3,172.32 1 0
github.com/kong/deck/cmd/common.go:172.32,174.4 1 0
github.com/kong/deck/cmd/common.go:175.3,176.17 2 0
github.com/kong/deck/cmd/common.go:176.17,178.4 1 0
github.com/kong/deck/cmd/common.go:179.3,179.55 1 0
github.com/kong/deck/cmd/common.go:182.2,183.16 2 0
github.com/kong/deck/cmd/common.go:183.16,185.3 1 0
github.com/kong/deck/cmd/common.go:188.2,195.25 6 0
github.com/kong/deck/cmd/common.go:195.25,197.17 2 0
github.com/kong/deck/cmd/common.go:197.17,199.4 1 0
github.com/kong/deck/cmd/common.go:200.8,202.17 2 0
github.com/kong/deck/cmd/common.go:202.17,204.4 1 0
github.com/kong/deck/cmd/common.go:206.2,207.16 2 0
github.com/kong/deck/cmd/common.go:207.16,209.3 1 0
github.com/kong/deck/cmd/common.go:211.2,212.50 1 0
github.com/kong/deck/cmd/common.go:212.50,214.26 2 0
github.com/kong/deck/cmd/common.go:214.26,216.4 1 0
github.com/kong/deck/cmd/common.go:217.3,219.41 1 0
github.com/kong/deck/cmd/common.go:225.2,228.16 3 0
github.com/kong/deck/cmd/common.go:228.16,230.3 1 0
github.com/kong/deck/cmd/common.go:232.2,232.23 1 0
github.com/kong/deck/cmd/common.go:232.23,234.17 2 0
github.com/kong/deck/cmd/common.go:234.17,236.4 1 0
github.com/kong/deck/cmd/common.go:239.2,240.16 2 0
github.com/kong/deck/cmd/common.go:240.16,242.3 1 0
github.com/kong/deck/cmd/common.go:244.2,245.16 2 0
github.com/kong/deck/cmd/common.go:245.16,247.3 1 0
github.com/kong/deck/cmd/common.go:249.2,249.49 1 0
github.com/kong/deck/cmd/common.go:249.49,251.3 1 0
github.com/kong/deck/cmd/common.go:254.2,255.21 2 0
github.com/kong/deck/cmd/common.go:255.21,257.17 2 0
github.com/kong/deck/cmd/common.go:257.17,259.4 1 0
github.com/kong/deck/cmd/common.go:260.8,263.17 2 0
github.com/kong/deck/cmd/common.go:263.17,265.4 1 0
github.com/kong/deck/cmd/common.go:267.3,267.23 1 0
github.com/kong/deck/cmd/common.go:267.23,273.4 2 0
github.com/kong/deck/cmd/common.go:273.9,275.4 1 0
github.com/kong/deck/cmd/common.go:276.3,276.11 1 0
github.com/kong/deck/cmd/common.go:276.11,278.18 2 0
github.com/kong/deck/cmd/common.go:278.18,280.5 1 0
github.com/kong/deck/cmd/common.go:285.2,289.16 2 0
github.com/kong/deck/cmd/common.go:289.16,291.3 1 0
github.com/kong/deck/cmd/common.go:292.2,292.87 1 0
github.com/kong/deck/cmd/common.go:292.87,294.3 1 0
github.com/kong/deck/cmd/common.go:295.2,296.16 2 0
github.com/kong/deck/cmd/common.go:296.16,298.3 1 0
github.com/kong/deck/cmd/common.go:300.2,302.16 2 0
github.com/kong/deck/cmd/common.go:302.16,303.23 1 0
github.com/kong/deck/cmd/common.go:303.23,305.29 2 0
github.com/kong/deck/cmd/common.go:305.29,307.5 1 0
github.com/kong/deck/cmd/common.go:307.10,309.5 1 0
github.com/kong/deck/cmd/common.go:310.9,312.4 1 0
github.com/kong/deck/cmd/common.go:314.2,314.44 1 0
github.com/kong/deck/cmd/common.go:314.44,316.3 1 0
github.com/kong/deck/cmd/common.go:317.2,317.22 1 0
github.com/kong/deck/cmd/common.go:317.22,319.21 2 0
github.com/kong/deck/cmd/common.go:319.21,321.4 1 0
github.com/kong/deck/cmd/common.go:322.3,323.20 2 0
github.com/kong/deck/cmd/common.go:323.20,325.4 1 0
github.com/kong/deck/cmd/common.go:327.3,327.46 1 0
github.com/kong/deck/cmd/common.go:329.2,329.12 1 0
github.com/kong/deck/cmd/common.go:332.89,333.31 1 0
github.com/kong/deck/cmd/common.go:333.31,334.61 1 0
github.com/kong/deck/cmd/common.go:334.61,335.65 1 0
github.com/kong/deck/cmd/common.go:335.65,337.5 1 0
github.com/kong/deck/cmd/common.go:338.4,338.64 1 0
github.com/kong/deck/cmd/common.go:338.64,342.5 3 0
github.com/kong/deck/cmd/common.go:345.2,345.17 1 0
github.com/kong/deck/cmd/common.go:348.93,349.31 1 7
github.com/kong/deck/cmd/common.go:349.31,350.47 1 7
github.com/kong/deck/cmd/common.go:350.47,352.36 2 6
github.com/kong/deck/cmd/common.go:352.36,355.81 3 5
github.com/kong/deck/cmd/common.go:355.81,359.6 1 1
github.com/kong/deck/cmd/common.go:361.5,361.48 1 4
github.com/kong/deck/cmd/common.go:364.4,364.47 1 1
github.com/kong/deck/cmd/common.go:368.2,368.33 1 1
github.com/kong/deck/cmd/common.go:371.116,373.16 2 0
github.com/kong/deck/cmd/common.go:373.16,375.3 1 0
github.com/kong/deck/cmd/common.go:377.2,378.16 2 0
github.com/kong/deck/cmd/common.go:378.16,380.3 1 0
github.com/kong/deck/cmd/common.go:381.2,381.26 1 0
github.com/kong/deck/cmd/common.go:387.16,396.16 2 0
github.com/kong/deck/cmd/common.go:396.16,398.3 1 0
github.com/kong/deck/cmd/common.go:400.2,402.23 2 0
github.com/kong/deck/cmd/common.go:402.23,404.3 1 0
github.com/kong/deck/cmd/common.go:405.2,405.17 1 0
github.com/kong/deck/cmd/common.go:405.17,407.3 1 0
github.com/kong/deck/cmd/common.go:408.2,410.22 2 0
github.com/kong/deck/cmd/common.go:410.22,422.3 2 0
github.com/kong/deck/cmd/common.go:423.2,423.27 1 0
github.com/kong/deck/cmd/common.go:426.91,434.16 5 0
github.com/kong/deck/cmd/common.go:434.16,436.3 1 0
github.com/kong/deck/cmd/common.go:437.2,438.16 2 0
github.com/kong/deck/cmd/common.go:438.16,439.22 1 0
github.com/kong/deck/cmd/common.go:439.22,441.4 1 0
github.com/kong/deck/cmd/common.go:443.3,446.17 2 0
github.com/kong/deck/cmd/common.go:446.17,448.4 1 0
github.com/kong/deck/cmd/common.go:449.3,451.17 3 0
github.com/kong/deck/cmd/common.go:451.17,453.4 1 0
github.com/kong/deck/cmd/common.go:454.3,454.37 1 0
github.com/kong/deck/cmd/common.go:455.8,457.3 1 0
github.com/kong/deck/cmd/common.go:458.2,458.21 1 0
github.com/kong/deck/cmd/common.go:461.60,462.19 1 0
github.com/kong/deck/cmd/common.go:462.19,465.3 1 0
github.com/kong/deck/cmd/common.go:466.2,466.12 1 0
github.com/kong/deck/cmd/common.go:471.9,474.31 3 0
github.com/kong/deck/cmd/common.go:474.31,477.24 2 0
github.com/kong/deck/cmd/common.go:477.24,480.4 1 0
github.com/kong/deck/cmd/common.go:481.3,482.81 1 0
github.com/kong/deck/cmd/common.go:484.2,484.12 1 0
github.com/kong/deck/cmd/common.go:487.66,495.2 1 0
github.com/kong/deck/cmd/common.go:497.65,499.2 1 0
github.com/kong/deck/cmd/common.go:501.62,502.22 1 0
github.com/kong/deck/cmd/common.go:502.22,504.3 1 0
github.com/kong/deck/cmd/common.go:505.2,506.14 2 0
github.com/kong/deck/cmd/common.go:507.16,508.19 1 0
github.com/kong/deck/cmd/common.go:509.19,510.22 1 0
github.com/kong/deck/cmd/common.go:511.26,512.25 1 0
github.com/kong/deck/cmd/common.go:513.17,514.20 1 0
github.com/kong/deck/cmd/common.go:516.2,516.64 1 0
github.com/kong/deck/cmd/common.go:519.54,520.58 1 0
github.com/kong/deck/cmd/common.go:520.58,522.3 1 0
github.com/kong/deck/cmd/common.go:522.8,522.49 1 0
github.com/kong/deck/cmd/common.go:522.49,524.3 1 0
github.com/kong/deck/cmd/common.go:524.8,526.29 1 0
github.com/kong/deck/cmd/common.go:526.29,528.3 1 0
github.com/kong/deck/cmd/common.go:529.2,529.14 1 0
github.com/kong/deck/cmd/common_konnect.go:24.33,26.2 1 0
github.com/kong/deck/cmd/common_konnect.go:35.25,38.31 2 0
github.com/kong/deck/cmd/common_konnect.go:38.31,42.3 1 0
github.com/kong/deck/cmd/common_konnect.go:44.2,44.33 1 0
github.com/kong/deck/cmd/common_konnect.go:44.33,46.3 1 0
github.com/kong/deck/cmd/common_konnect.go:49.2,54.16 5 0
github.com/kong/deck/cmd/common_konnect.go:54.16,56.3 1 0
github.com/kong/deck/cmd/common_konnect.go:57.2,58.16 2 0
github.com/kong/deck/cmd/common_konnect.go:58.16,60.3 1 0
github.com/kong/deck/cmd/common_konnect.go:61.2,62.16 2 0
github.com/kong/deck/cmd/common_konnect.go:62.16,64.3 1 0
github.com/kong/deck/cmd/common_konnect.go:67.2,79.4 3 0
github.com/kong/deck/cmd/common_konnect.go:82.48,83.31 1 0
github.com/kong/deck/cmd/common_konnect.go:83.31,85.3 1 0
github.com/kong/deck/cmd/common_konnect.go:86.2,86.31 1 0
github.com/kong/deck/cmd/common_konnect.go:86.31,88.3 1 0
github.com/kong/deck/cmd/common_konnect.go:89.2,91.16 3 0
github.com/kong/deck/cmd/common_konnect.go:91.16,93.3 1 0
github.com/kong/deck/cmd/common_konnect.go:94.2,95.16 2 0
github.com/kong/deck/cmd/common_konnect.go:95.16,97.3 1 0
github.com/kong/deck/cmd/common_konnect.go:98.2,99.16 2 0
github.com/kong/deck/cmd/common_konnect.go:99.16,101.3 1 0
github.com/kong/deck/cmd/common_konnect.go:102.2,103.16 2 0
github.com/kong/deck/cmd/common_konnect.go:103.16,105.3 1 0
github.com/kong/deck/cmd/common_konnect.go:106.2,106.12 1 0
github.com/kong/deck/cmd/common_konnect.go:109.47,110.31 1 0
github.com/kong/deck/cmd/common_konnect.go:110.31,112.3 1 0
github.com/kong/deck/cmd/common_konnect.go:113.2,113.31 1 0
github.com/kong/deck/cmd/common_konnect.go:113.31,115.3 1 0
github.com/kong/deck/cmd/common_konnect.go:116.2,118.16 3 0
github.com/kong/deck/cmd/common_konnect.go:118.16,120.3 1 0
github.com/kong/deck/cmd/common_konnect.go:121.2,122.16 2 0
github.com/kong/deck/cmd/common_konnect.go:122.16,124.3 1 0
github.com/kong/deck/cmd/common_konnect.go:125.2,126.16 2 0
github.com/kong/deck/cmd/common_konnect.go:126.16,128.3 1 0
github.com/kong/deck/cmd/common_konnect.go:129.2,130.16 2 0
github.com/kong/deck/cmd/common_konnect.go:130.16,132.3 1 0
github.com/kong/deck/cmd/common_konnect.go:133.2,140.4 1 0
github.com/kong/deck/cmd/common_konnect.go:145.9,150.16 3 0
github.com/kong/deck/cmd/common_konnect.go:150.16,152.3 1 0
github.com/kong/deck/cmd/common_konnect.go:154.2,155.16 2 0
github.com/kong/deck/cmd/common_konnect.go:155.16,157.3 1 0
github.com/kong/deck/cmd/common_konnect.go:159.2,163.16 3 0
github.com/kong/deck/cmd/common_konnect.go:163.16,165.3 1 0
github.com/kong/deck/cmd/common_konnect.go:168.2,171.16 2 0
github.com/kong/deck/cmd/common_konnect.go:171.16,173.3 1 0
github.com/kong/deck/cmd/common_konnect.go:176.2,177.16 2 0
github.com/kong/deck/cmd/common_konnect.go:177.16,179.3 1 0
github.com/kong/deck/cmd/common_konnect.go:182.2,191.16 3 0
github.com/kong/deck/cmd/common_konnect.go:191.16,193.3 1 0
github.com/kong/deck/cmd/common_konnect.go:195.2,197.16 2 0
github.com/kong/deck/cmd/common_konnect.go:197.16,199.3 1 0
github.com/kong/deck/cmd/common_konnect.go:201.2,204.16 2 0
github.com/kong/deck/cmd/common_konnect.go:204.16,206.3 1 0
github.com/kong/deck/cmd/common_konnect.go:208.2,209.16 2 0
github.com/kong/deck/cmd/common_konnect.go:209.16,211.3 1 0
github.com/kong/deck/cmd/common_konnect.go:213.2,220.16 2 0
github.com/kong/deck/cmd/common_konnect.go:220.16,222.3 1 0
github.com/kong/deck/cmd/common_konnect.go:224.2,227.17 3 0
github.com/kong/deck/cmd/common_konnect.go:227.17,229.3 1 0
github.com/kong/deck/cmd/common_konnect.go:230.2,231.80 1 0
github.com/kong/deck/cmd/common_konnect.go:231.80,233.3 1 0
github.com/kong/deck/cmd/common_konnect.go:235.2,235.12 1 0
github.com/kong/deck/cmd/common_konnect.go:240.19,242.16 2 0
github.com/kong/deck/cmd/common_konnect.go:242.16,244.3 1 0
github.com/kong/deck/cmd/common_konnect.go:246.2,246.39 1 0
github.com/kong/deck/cmd/common_konnect.go:253.19,256.6 3 0
github.com/kong/deck/cmd/common_konnect.go:256.6,258.17 2 0
github.com/kong/deck/cmd/common_konnect.go:258.17,260.4 1 0
github.com/kong/deck/cmd/common_konnect.go:261.3,262.18 2 0
github.com/kong/deck/cmd/common_konnect.go:262.18,263.9 1 0
github.com/kong/deck/cmd/common_konnect.go:265.3,265.17 1 0
github.com/kong/deck/cmd/common_konnect.go:267.2,267.35 1 0
github.com/kong/deck/cmd/common_konnect.go:267.35,269.3 1 0
github.com/kong/deck/cmd/common_konnect.go:270.2,270.31 1 0
github.com/kong/deck/cmd/common_konnect.go:270.31,272.3 1 0
github.com/kong/deck/cmd/common_konnect.go:273.2,273.35 1 0
github.com/kong/deck/cmd/common_konnect.go:273.35,274.38 1 0
github.com/kong/deck/cmd/common_konnect.go:274.38,276.4 1 0
github.com/kong/deck/cmd/common_konnect.go:278.2,278.75 1 0
github.com/kong/deck/cmd/common_konnect.go:281.76,284.45 3 3
github.com/kong/deck/cmd/common_konnect.go:284.45,288.41 1 5
github.com/kong/deck/cmd/common_konnect.go:288.41,291.4 2 3
github.com/kong/deck/cmd/common_konnect.go:293.2,293.22 1 3
github.com/kong/deck/cmd/common_konnect.go:293.22,295.3 1 1
github.com/kong/deck/cmd/common_konnect.go:296.2,296.21 1 2
github.com/kong/deck/cmd/common_konnect.go:296.21,299.3 1 1
github.com/kong/deck/cmd/common_konnect.go:300.2,300.22 1 1
github.com/kong/deck/cmd/common_konnect.go:308.29,314.24 4 0
github.com/kong/deck/cmd/common_konnect.go:314.24,320.17 3 0
github.com/kong/deck/cmd/common_konnect.go:320.17,322.4 1 0
github.com/kong/deck/cmd/common_konnect.go:323.3,323.13 1 0
github.com/kong/deck/cmd/common_konnect.go:326.2,326.24 1 0
github.com/kong/deck/cmd/common_konnect.go:326.24,331.17 3 0
github.com/kong/deck/cmd/common_konnect.go:331.17,333.4 1 0
github.com/kong/deck/cmd/common_konnect.go:334.3,334.13 1 0
github.com/kong/deck/cmd/common_konnect.go:337.2,338.16 2 0
github.com/kong/deck/cmd/common_konnect.go:338.16,340.3 1 0
github.com/kong/deck/cmd/common_konnect.go:342.2,343.16 2 0
github.com/kong/deck/cmd/common_konnect.go:343.16,345.3 1 0
github.com/kong/deck/cmd/common_konnect.go:346.2,346.16 1 0
github.com/kong/deck/cmd/common_konnect.go:349.88,352.16 2 0
github.com/kong/deck/cmd/common_konnect.go:352.16,354.3 1 0
github.com/kong/deck/cmd/common_konnect.go:356.2,358.16 3 0
github.com/kong/deck/cmd/common_konnect.go:358.16,360.3 1 0
github.com/kong/deck/cmd/common_konnect.go:361.2,361.38 1 0
github.com/kong/deck/cmd/completion.go:10.40,55.55 1 0
github.com/kong/deck/cmd/completion.go:55.55,56.19 1 0
github.com/kong/deck/cmd/completion.go:57.16,58.51 1 0
github.com/kong/deck/cmd/completion.go:59.15,60.50 1 0
github.com/kong/deck/cmd/completion.go:61.16,62.57 1 0
github.com/kong/deck/cmd/completion.go:63.22,64.65 1 0
github.com/kong/deck/cmd/completion.go:65.12,66.52 1 0
github.com/kong/deck/cmd/file.go:7.37,15.2 2 0
github.com/kong/deck/cmd/file_addplugins.go:29.69,37.2 6 0
github.com/kong/deck/cmd/file_addplugins.go:37.2,38.53 1 0
github.com/kong/deck/cmd/file_addplugins.go:38.53,40.18 2 0
github.com/kong/deck/cmd/file_addplugins.go:40.18,42.5 1 0
github.com/kong/deck/cmd/file_addplugins.go:43.4,43.55 1 0
github.com/kong/deck/cmd/file_addplugins.go:47.2,48.2 2 0
github.com/kong/deck/cmd/file_addplugins.go:48.2,49.37 1 0
github.com/kong/deck/cmd/file_addplugins.go:49.37,51.51 2 0
github.com/kong/deck/cmd/file_addplugins.go:51.51,53.5 1 0
github.com/kong/deck/cmd/file_addplugins.go:54.4,54.43 1 0
github.com/kong/deck/cmd/file_addplugins.go:59.2,60.16 2 0
github.com/kong/deck/cmd/file_addplugins.go:60.16,62.3 1 0
github.com/kong/deck/cmd/file_addplugins.go:63.2,69.16 5 0
github.com/kong/deck/cmd/file_addplugins.go:69.16,71.3 1 0
github.com/kong/deck/cmd/file_addplugins.go:72.2,73.16 2 0
github.com/kong/deck/cmd/file_addplugins.go:73.16,75.3 1 0
github.com/kong/deck/cmd/file_addplugins.go:76.2,79.41 2 0
github.com/kong/deck/cmd/file_addplugins.go:79.41,81.17 2 0
github.com/kong/deck/cmd/file_addplugins.go:81.17,83.4 1 0
github.com/kong/deck/cmd/file_addplugins.go:85.2,91.28 6 0
github.com/kong/deck/cmd/file_addplugins.go:91.28,93.3 1 0
github.com/kong/deck/cmd/file_addplugins.go:94.2,94.23 1 0
github.com/kong/deck/cmd/file_addplugins.go:94.23,96.3 1 0
github.com/kong/deck/cmd/file_addplugins.go:97.2,103.53 3 0
github.com/kong/deck/cmd/file_addplugins.go:112.40,167.2 8 0
github.com/kong/deck/cmd/file_addtags.go:26.67,35.16 6 0
github.com/kong/deck/cmd/file_addtags.go:35.16,37.3 1 0
github.com/kong/deck/cmd/file_addtags.go:39.2,42.16 4 0
github.com/kong/deck/cmd/file_addtags.go:42.16,44.3 1 0
github.com/kong/deck/cmd/file_addtags.go:45.2,46.16 2 0
github.com/kong/deck/cmd/file_addtags.go:46.16,48.3 1 0
github.com/kong/deck/cmd/file_addtags.go:49.2,58.120 8 0
github.com/kong/deck/cmd/file_addtags.go:67.37,92.2 6 0
github.com/kong/deck/cmd/file_convert.go:26.57,30.16 3 0
github.com/kong/deck/cmd/file_convert.go:30.16,32.3 1 0
github.com/kong/deck/cmd/file_convert.go:33.2,34.16 2 0
github.com/kong/deck/cmd/file_convert.go:34.16,36.3 1 0
github.com/kong/deck/cmd/file_convert.go:38.2,38.31 1 0
github.com/kong/deck/cmd/file_convert.go:38.31,41.17 1 0
github.com/kong/deck/cmd/file_convert.go:41.17,43.4 1 0
github.com/kong/deck/cmd/file_convert.go:43.9,43.18 1 0
github.com/kong/deck/cmd/file_convert.go:43.18,45.4 1 0
github.com/kong/deck/cmd/file_convert.go:47.3,54.17 2 0
github.com/kong/deck/cmd/file_convert.go:54.17,56.4 1 0
github.com/kong/deck/cmd/file_convert.go:57.8,57.33 1 0
github.com/kong/deck/cmd/file_convert.go:57.33,59.17 2 0
github.com/kong/deck/cmd/file_convert.go:59.17,61.4 1 0
github.com/kong/deck/cmd/file_convert.go:62.3,63.17 2 0
github.com/kong/deck/cmd/file_convert.go:63.17,65.4 1 0
github.com/kong/deck/cmd/file_convert.go:66.3,66.34 1 0
github.com/kong/deck/cmd/file_convert.go:66.34,74.18 2 0
github.com/kong/deck/cmd/file_convert.go:74.18,76.5 1 0
github.com/kong/deck/cmd/file_convert.go:79.2,79.46 1 0
github.com/kong/deck/cmd/file_convert.go:79.46,83.3 1 0
github.com/kong/deck/cmd/file_convert.go:84.2,84.12 1 0
github.com/kong/deck/cmd/file_convert.go:88.52,93.16 5 0
github.com/kong/deck/cmd/file_convert.go:93.16,95.59 2 0
github.com/kong/deck/cmd/file_convert.go:95.59,101.4 4 0
github.com/kong/deck/cmd/file_convert.go:102.3,103.31 2 0
github.com/kong/deck/cmd/file_convert.go:106.2,122.16 6 0
github.com/kong/deck/cmd/file_convert.go:122.16,127.3 2 0
github.com/kong/deck/cmd/file_convert.go:127.8,132.3 2 0
github.com/kong/deck/cmd/file_convert.go:133.2,138.19 3 0
github.com/kong/deck/cmd/file_convert.go:141.32,144.2 1 0
github.com/kong/deck/cmd/file_lint.go:51.39,52.38 1 0
github.com/kong/deck/cmd/file_lint.go:52.38,53.15 1 0
github.com/kong/deck/cmd/file_lint.go:53.15,55.4 1 0
github.com/kong/deck/cmd/file_lint.go:57.2,57.21 1 0
github.com/kong/deck/cmd/file_lint.go:61.64,63.16 2 0
github.com/kong/deck/cmd/file_lint.go:63.16,65.3 1 0
github.com/kong/deck/cmd/file_lint.go:66.2,67.16 2 0
github.com/kong/deck/cmd/file_lint.go:67.16,69.3 1 0
github.com/kong/deck/cmd/file_lint.go:70.2,70.27 1 0
github.com/kong/deck/cmd/file_lint.go:74.59,79.16 4 0
github.com/kong/deck/cmd/file_lint.go:79.16,81.3 1 0
github.com/kong/deck/cmd/file_lint.go:83.2,84.16 2 0
github.com/kong/deck/cmd/file_lint.go:84.16,86.3 1 0
github.com/kong/deck/cmd/file_lint.go:88.2,99.43 3 0
github.com/kong/deck/cmd/file_lint.go:99.43,100.97 1 0
github.com/kong/deck/cmd/file_lint.go:100.97,101.12 1 0
github.com/kong/deck/cmd/file_lint.go:103.3,103.75 1 0
github.com/kong/deck/cmd/file_lint.go:103.75,105.4 1 0
github.com/kong/deck/cmd/file_lint.go:106.3,109.24 2 0
github.com/kong/deck/cmd/file_lint.go:109.24,110.46 1 0
github.com/kong/deck/cmd/file_lint.go:110.46,112.6 1 0
github.com/kong/deck/cmd/file_lint.go:113.5,113.14 1 0
github.com/kong/deck/cmd/file_lint.go:121.2,128.22 3 0
github.com/kong/deck/cmd/file_lint.go:129.60,130.14 1 0
github.com/kong/deck/cmd/file_lint.go:131.60,134.17 1 0
github.com/kong/deck/cmd/file_lint.go:134.17,136.4 1 0
github.com/kong/deck/cmd/file_lint.go:137.40,138.21 1 0
github.com/kong/deck/cmd/file_lint.go:138.21,141.65 3 0
github.com/kong/deck/cmd/file_lint.go:141.65,145.5 1 0
github.com/kong/deck/cmd/file_lint.go:147.10,148.64 1 0
github.com/kong/deck/cmd/file_lint.go:150.2,150.22 1 0
github.com/kong/deck/cmd/file_lint.go:150.22,157.3 2 0
github.com/kong/deck/cmd/file_lint.go:158.2,158.12 1 0
github.com/kong/deck/cmd/file_lint.go:167.34,199.2 7 0
github.com/kong/deck/cmd/file_listtags.go:27.60,36.16 6 0
github.com/kong/deck/cmd/file_listtags.go:36.16,38.3 1 0
github.com/kong/deck/cmd/file_listtags.go:40.2,43.16 4 0
github.com/kong/deck/cmd/file_listtags.go:43.16,45.3 1 0
github.com/kong/deck/cmd/file_listtags.go:46.2,47.16 2 0
github.com/kong/deck/cmd/file_listtags.go:47.16,49.3 1 0
github.com/kong/deck/cmd/file_listtags.go:51.2,51.50 1 0
github.com/kong/deck/cmd/file_listtags.go:51.50,55.3 2 0
github.com/kong/deck/cmd/file_listtags.go:57.2,62.52 3 0
github.com/kong/deck/cmd/file_listtags.go:71.38,97.2 6 0
github.com/kong/deck/cmd/file_merge.go:19.60,26.16 5 0
github.com/kong/deck/cmd/file_merge.go:26.16,28.3 1 0
github.com/kong/deck/cmd/file_merge.go:30.2,39.49 6 0
github.com/kong/deck/cmd/file_merge.go:48.35,73.2 4 0
github.com/kong/deck/cmd/file_openapi2kong.go:26.64,31.32 4 0
github.com/kong/deck/cmd/file_openapi2kong.go:31.32,33.3 1 0
github.com/kong/deck/cmd/file_openapi2kong.go:35.2,37.22 2 0
github.com/kong/deck/cmd/file_openapi2kong.go:37.22,39.3 1 0
github.com/kong/deck/cmd/file_openapi2kong.go:40.2,54.16 7 0
github.com/kong/deck/cmd/file_openapi2kong.go:54.16,56.3 1 0
github.com/kong/deck/cmd/file_openapi2kong.go:57.2,58.16 2 0
github.com/kong/deck/cmd/file_openapi2kong.go:58.16,60.3 1 0
github.com/kong/deck/cmd/file_openapi2kong.go:61.2,62.114 2 0
github.com/kong/deck/cmd/file_openapi2kong.go:71.42,111.2 9 0
github.com/kong/deck/cmd/file_patch.go:25.60,33.2 6 0
github.com/kong/deck/cmd/file_patch.go:33.2,37.17 4 0
github.com/kong/deck/cmd/file_patch.go:37.17,39.4 1 0
github.com/kong/deck/cmd/file_patch.go:42.2,43.2 2 0
github.com/kong/deck/cmd/file_patch.go:43.2,44.33 1 0
github.com/kong/deck/cmd/file_patch.go:44.33,47.18 3 0
github.com/kong/deck/cmd/file_patch.go:47.18,49.5 1 0
github.com/kong/deck/cmd/file_patch.go:50.4,50.46 1 0
github.com/kong/deck/cmd/file_patch.go:54.2,57.93 4 0
github.com/kong/deck/cmd/file_patch.go:57.93,59.3 1 0
github.com/kong/deck/cmd/file_patch.go:60.2,60.37 1 0
github.com/kong/deck/cmd/file_patch.go:60.37,62.3 1 0
github.com/kong/deck/cmd/file_patch.go:63.2,63.37 1 0
github.com/kong/deck/cmd/file_patch.go:63.37,65.3 1 0
github.com/kong/deck/cmd/file_patch.go:66.2,66.34 1 0
github.com/kong/deck/cmd/file_patch.go:66.34,68.3 1 0
github.com/kong/deck/cmd/file_patch.go:69.2,69.20 1 0
github.com/kong/deck/cmd/file_patch.go:69.20,71.3 1 0
github.com/kong/deck/cmd/file_patch.go:74.2,75.16 2 0
github.com/kong/deck/cmd/file_patch.go:75.16,77.3 1 0
github.com/kong/deck/cmd/file_patch.go:78.2,82.93 3 0
github.com/kong/deck/cmd/file_patch.go:82.93,86.17 3 0
github.com/kong/deck/cmd/file_patch.go:86.17,88.4 1 0
github.com/kong/deck/cmd/file_patch.go:91.2,91.19 1 0
github.com/kong/deck/cmd/file_patch.go:91.19,93.40 1 0
github.com/kong/deck/cmd/file_patch.go:93.40,96.18 3 0
github.com/kong/deck/cmd/file_patch.go:96.18,98.5 1 0
github.com/kong/deck/cmd/file_patch.go:102.2,104.116 2 0
github.com/kong/deck/cmd/file_patch.go:113.35,187.2 8 0
github.com/kong/deck/cmd/file_removetags.go:28.73,35.58 5 0
github.com/kong/deck/cmd/file_removetags.go:35.58,37.3 1 0
github.com/kong/deck/cmd/file_removetags.go:40.2,41.16 2 0
github.com/kong/deck/cmd/file_removetags.go:41.16,43.3 1 0
github.com/kong/deck/cmd/file_removetags.go:45.2,48.16 4 0
github.com/kong/deck/cmd/file_removetags.go:48.16,50.3 1 0
github.com/kong/deck/cmd/file_removetags.go:51.2,51.31 1 0
github.com/kong/deck/cmd/file_removetags.go:51.31,53.3 1 0
github.com/kong/deck/cmd/file_removetags.go:53.8,55.3 1 0
github.com/kong/deck/cmd/file_removetags.go:56.2,56.16 1 0
github.com/kong/deck/cmd/file_removetags.go:56.16,58.3 1 0
github.com/kong/deck/cmd/file_removetags.go:59.2,72.54 9 0
github.com/kong/deck/cmd/file_removetags.go:81.40,113.2 8 0
github.com/kong/deck/cmd/file_render.go:17.63,26.2 2 0
github.com/kong/deck/cmd/file_render.go:28.40,50.58 1 0
github.com/kong/deck/cmd/file_render.go:50.58,52.44 2 0
github.com/kong/deck/cmd/file_render.go:52.44,54.5 1 0
github.com/kong/deck/cmd/file_render.go:55.4,55.36 1 0
github.com/kong/deck/cmd/file_render.go:59.2,65.18 3 0
github.com/kong/deck/cmd/gateway.go:7.40,15.2 2 0
github.com/kong/deck/cmd/gateway_diff.go:18.56,21.2 1 0
github.com/kong/deck/cmd/gateway_diff.go:24.49,29.58 5 0
github.com/kong/deck/cmd/gateway_diff.go:29.58,31.37 2 0
github.com/kong/deck/cmd/gateway_diff.go:31.37,33.4 1 0
github.com/kong/deck/cmd/gateway_diff.go:34.3,34.35 1 0
github.com/kong/deck/cmd/gateway_diff.go:37.2,37.16 1 0
github.com/kong/deck/cmd/gateway_diff.go:37.16,40.59 3 0
github.com/kong/deck/cmd/gateway_diff.go:40.59,44.4 2 0
github.com/kong/deck/cmd/gateway_diff.go:45.3,46.58 2 0
github.com/kong/deck/cmd/gateway_diff.go:46.58,47.38 1 0
github.com/kong/deck/cmd/gateway_diff.go:47.38,50.5 1 0
github.com/kong/deck/cmd/gateway_diff.go:51.4,51.36 1 0
github.com/kong/deck/cmd/gateway_diff.go:55.2,69.16 2 0
github.com/kong/deck/cmd/gateway_diff.go:69.16,74.3 1 0
github.com/kong/deck/cmd/gateway_diff.go:75.2,101.16 11 0
github.com/kong/deck/cmd/gateway_dump.go:28.81,30.16 2 0
github.com/kong/deck/cmd/gateway_dump.go:30.16,32.3 1 0
github.com/kong/deck/cmd/gateway_dump.go:33.2,34.39 2 0
github.com/kong/deck/cmd/gateway_dump.go:34.39,36.3 1 0
github.com/kong/deck/cmd/gateway_dump.go:38.2,38.17 1 0
github.com/kong/deck/cmd/gateway_dump.go:41.56,44.109 2 0
github.com/kong/deck/cmd/gateway_dump.go:44.109,46.3 1 0
github.com/kong/deck/cmd/gateway_dump.go:46.8,46.17 1 0
github.com/kong/deck/cmd/gateway_dump.go:46.17,48.3 1 0
github.com/kong/deck/cmd/gateway_dump.go:50.2,50.24 1 0
github.com/kong/deck/cmd/gateway_dump.go:50.24,53.3 2 0
github.com/kong/deck/cmd/gateway_dump.go:55.2,56.16 2 0
github.com/kong/deck/cmd/gateway_dump.go:56.16,58.3 1 0
github.com/kong/deck/cmd/gateway_dump.go:60.2,63.16 3 0
github.com/kong/deck/cmd/gateway_dump.go:63.16,65.3 1 0
github.com/kong/deck/cmd/gateway_dump.go:66.2,69.23 2 0
github.com/kong/deck/cmd/gateway_dump.go:69.23,70.26 1 0
github.com/kong/deck/cmd/gateway_dump.go:70.26,72.4 1 0
github.com/kong/deck/cmd/gateway_dump.go:73.3,73.49 1 0
github.com/kong/deck/cmd/gateway_dump.go:73.49,75.4 1 0
github.com/kong/deck/cmd/gateway_dump.go:76.3,77.17 2 0
github.com/kong/deck/cmd/gateway_dump.go:77.17,79.4 1 0
github.com/kong/deck/cmd/gateway_dump.go:81.3,81.40 1 0
github.com/kong/deck/cmd/gateway_dump.go:81.40,83.18 2 0
github.com/kong/deck/cmd/gateway_dump.go:83.18,85.5 1 0
github.com/kong/deck/cmd/gateway_dump.go:87.4,88.18 2 0
github.com/kong/deck/cmd/gateway_dump.go:88.18,90.5 1 0
github.com/kong/deck/cmd/gateway_dump.go:91.4,92.18 2 0
github.com/kong/deck/cmd/gateway_dump.go:92.18,94.5 1 0
github.com/kong/deck/cmd/gateway_dump.go:96.4,103.19 1 0
github.com/kong/deck/cmd/gateway_dump.go:103.19,105.5 1 0
github.com/kong/deck/cmd/gateway_dump.go:107.3,107.13 1 0
github.com/kong/deck/cmd/gateway_dump.go:112.2,112.25 1 0
github.com/kong/deck/cmd/gateway_dump.go:112.25,115.17 3 0
github.com/kong/deck/cmd/gateway_dump.go:115.17,117.4 1 0
github.com/kong/deck/cmd/gateway_dump.go:118.3,118.14 1 0
github.com/kong/deck/cmd/gateway_dump.go:118.14,120.4 1 0
github.com/kong/deck/cmd/gateway_dump.go:121.3,122.17 2 0
github.com/kong/deck/cmd/gateway_dump.go:122.17,124.4 1 0
github.com/kong/deck/cmd/gateway_dump.go:127.2,128.16 2 0
github.com/kong/deck/cmd/gateway_dump.go:128.16,130.3 1 0
github.com/kong/deck/cmd/gateway_dump.go:131.2,132.16 2 0
github.com/kong/deck/cmd/gateway_dump.go:132.16,134.3 1 0
github.com/kong/deck/cmd/gateway_dump.go:135.2,142.4 1 0
github.com/kong/deck/cmd/gateway_dump.go:146.49,150.16 4 0
github.com/kong/deck/cmd/gateway_dump.go:150.16,152.59 2 0
github.com/kong/deck/cmd/gateway_dump.go:152.59,157.4 3 0
github.com/kong/deck/cmd/gateway_dump.go:158.3,158.38 1 0
github.com/kong/deck/cmd/gateway_dump.go:161.2,173.16 2 0
github.com/kong/deck/cmd/gateway_dump.go:173.16,177.3 1 0
github.com/kong/deck/cmd/gateway_dump.go:177.8,181.3 1 0
github.com/kong/deck/cmd/gateway_dump.go:182.2,204.16 10 0
github.com/kong/deck/cmd/gateway_ping.go:14.56,17.25 3 0
github.com/kong/deck/cmd/gateway_ping.go:17.25,19.3 1 0
github.com/kong/deck/cmd/gateway_ping.go:20.2,20.22 1 0
github.com/kong/deck/cmd/gateway_ping.go:24.49,27.16 3 0
github.com/kong/deck/cmd/gateway_ping.go:27.16,29.59 2 0
github.com/kong/deck/cmd/gateway_ping.go:29.59,33.4 2 0
github.com/kong/deck/cmd/gateway_ping.go:36.2,49.16 3 0
github.com/kong/deck/cmd/gateway_ping.go:52.45,56.16 3 0
github.com/kong/deck/cmd/gateway_ping.go:56.16,58.3 1 0
github.com/kong/deck/cmd/gateway_ping.go:59.2,60.16 2 0
github.com/kong/deck/cmd/gateway_ping.go:60.16,62.3 1 0
github.com/kong/deck/cmd/gateway_ping.go:64.2,65.16 2 0
github.com/kong/deck/cmd/gateway_ping.go:65.16,67.3 1 0
github.com/kong/deck/cmd/gateway_ping.go:69.2,70.25 2 0
github.com/kong/deck/cmd/gateway_ping.go:70.25,72.3 1 0
github.com/kong/deck/cmd/gateway_ping.go:73.2,74.12 2 0
github.com/kong/deck/cmd/gateway_ping.go:77.42,80.16 3 0
github.com/kong/deck/cmd/gateway_ping.go:80.16,82.3 1 0
github.com/kong/deck/cmd/gateway_ping.go:83.2,86.12 4 0
github.com/kong/deck/cmd/gateway_reset.go:19.57,22.48 2 0
github.com/kong/deck/cmd/gateway_reset.go:22.48,24.3 1 0
github.com/kong/deck/cmd/gateway_reset.go:26.2,26.20 1 0
github.com/kong/deck/cmd/gateway_reset.go:26.20,29.17 2 0
github.com/kong/deck/cmd/gateway_reset.go:29.17,31.4 1 0
github.com/kong/deck/cmd/gateway_reset.go:32.3,32.10 1 0
github.com/kong/deck/cmd/gateway_reset.go:32.10,34.4 1 0
github.com/kong/deck/cmd/gateway_reset.go:37.2,38.25 2 0
github.com/kong/deck/cmd/gateway_reset.go:38.25,41.3 2 0
github.com/kong/deck/cmd/gateway_reset.go:43.2,44.16 2 0
github.com/kong/deck/cmd/gateway_reset.go:44.16,46.3 1 0
github.com/kong/deck/cmd/gateway_reset.go:48.2,49.16 2 0
github.com/kong/deck/cmd/gateway_reset.go:49.16,51.3 1 0
github.com/kong/deck/cmd/gateway_reset.go:52.2,53.16 2 0
github.com/kong/deck/cmd/gateway_reset.go:53.16,55.3 1 0
github.com/kong/deck/cmd/gateway_reset.go:56.2,58.49 2 0
github.com/kong/deck/cmd/gateway_reset.go:58.49,60.3 1 0
github.com/kong/deck/cmd/gateway_reset.go:62.2,64.49 2 0
github.com/kong/deck/cmd/gateway_reset.go:64.49,66.3 1 0
github.com/kong/deck/cmd/gateway_reset.go:69.2,69.24 1 0
github.com/kong/deck/cmd/gateway_reset.go:69.24,71.17 2 0
github.com/kong/deck/cmd/gateway_reset.go:71.17,73.4 1 0
github.com/kong/deck/cmd/gateway_reset.go:75.2,75.26 1 0
github.com/kong/deck/cmd/gateway_reset.go:75.26,77.17 2 0
github.com/kong/deck/cmd/gateway_reset.go:77.17,79.4 1 0
github.com/kong/deck/cmd/gateway_reset.go:80.3,80.14 1 0
github.com/kong/deck/cmd/gateway_reset.go:80.14,82.4 1 0
github.com/kong/deck/cmd/gateway_reset.go:84.3,84.50 1 0
github.com/kong/deck/cmd/gateway_reset.go:87.2,87.39 1 0
github.com/kong/deck/cmd/gateway_reset.go:87.39,89.17 2 0
github.com/kong/deck/cmd/gateway_reset.go:89.17,91.4 1 0
github.com/kong/deck/cmd/gateway_reset.go:92.3,93.17 2 0
github.com/kong/deck/cmd/gateway_reset.go:93.17,95.4 1 0
github.com/kong/deck/cmd/gateway_reset.go:96.3,97.17 2 0
github.com/kong/deck/cmd/gateway_reset.go:97.17,99.4 1 0
github.com/kong/deck/cmd/gateway_reset.go:100.3,101.17 2 0
github.com/kong/deck/cmd/gateway_reset.go:101.17,103.4 1 0
github.com/kong/deck/cmd/gateway_reset.go:105.2,105.12 1 0
github.com/kong/deck/cmd/gateway_reset.go:109.50,112.16 3 0
github.com/kong/deck/cmd/gateway_reset.go:112.16,114.59 2 0
github.com/kong/deck/cmd/gateway_reset.go:114.59,118.4 2 0
github.com/kong/deck/cmd/gateway_reset.go:121.2,157.17 11 0
github.com/kong/deck/cmd/gateway_sync.go:19.56,22.2 1 0
github.com/kong/deck/cmd/gateway_sync.go:25.49,30.58 5 0
github.com/kong/deck/cmd/gateway_sync.go:30.58,32.37 2 0
github.com/kong/deck/cmd/gateway_sync.go:32.37,34.4 1 0
github.com/kong/deck/cmd/gateway_sync.go:35.3,35.35 1 0
github.com/kong/deck/cmd/gateway_sync.go:38.2,38.16 1 0
github.com/kong/deck/cmd/gateway_sync.go:38.16,41.59 3 0
github.com/kong/deck/cmd/gateway_sync.go:41.59,45.4 2 0
github.com/kong/deck/cmd/gateway_sync.go:46.3,47.58 2 0
github.com/kong/deck/cmd/gateway_sync.go:47.58,48.38 1 0
github.com/kong/deck/cmd/gateway_sync.go:48.38,51.5 1 0
github.com/kong/deck/cmd/gateway_sync.go:52.4,52.36 1 0
github.com/kong/deck/cmd/gateway_sync.go:56.2,66.16 2 0
github.com/kong/deck/cmd/gateway_sync.go:66.16,71.3 1 0
github.com/kong/deck/cmd/gateway_sync.go:72.2,99.16 11 0
github.com/kong/deck/cmd/gateway_validate.go:26.60,28.43 2 0
github.com/kong/deck/cmd/gateway_validate.go:28.43,30.3 1 0
github.com/kong/deck/cmd/gateway_validate.go:31.2,35.16 3 0
github.com/kong/deck/cmd/gateway_validate.go:35.16,37.3 1 0
github.com/kong/deck/cmd/gateway_validate.go:39.2,40.16 2 0
github.com/kong/deck/cmd/gateway_validate.go:40.16,42.3 1 0
github.com/kong/deck/cmd/gateway_validate.go:43.2,45.20 3 0
github.com/kong/deck/cmd/gateway_validate.go:45.20,47.17 2 0
github.com/kong/deck/cmd/gateway_validate.go:47.17,49.4 1 0
github.com/kong/deck/cmd/gateway_validate.go:52.2,55.16 2 0
github.com/kong/deck/cmd/gateway_validate.go:55.16,57.3 1 0
github.com/kong/deck/cmd/gateway_validate.go:58.2,58.87 1 0
github.com/kong/deck/cmd/gateway_validate.go:58.87,60.3 1 0
github.com/kong/deck/cmd/gateway_validate.go:62.2,63.16 2 0
github.com/kong/deck/cmd/gateway_validate.go:63.16,65.3 1 0
github.com/kong/deck/cmd/gateway_validate.go:67.2,67.20 1 0
github.com/kong/deck/cmd/gateway_validate.go:67.20,68.68 1 0
github.com/kong/deck/cmd/gateway_validate.go:68.68,70.4 1 0
github.com/kong/deck/cmd/gateway_validate.go:72.2,72.12 1 0
github.com/kong/deck/cmd/gateway_validate.go:76.66,87.58 6 0
github.com/kong/deck/cmd/gateway_validate.go:87.58,89.37 2 0
github.com/kong/deck/cmd/gateway_validate.go:89.37,91.4 1 0
github.com/kong/deck/cmd/gateway_validate.go:92.3,92.35 1 0
github.com/kong/deck/cmd/gateway_validate.go:95.2,95.16 1 0
github.com/kong/deck/cmd/gateway_validate.go:95.16,107.59 4 0
github.com/kong/deck/cmd/gateway_validate.go:107.59,111.4 2 0
github.com/kong/deck/cmd/gateway_validate.go:112.3,113.58 2 0
github.com/kong/deck/cmd/gateway_validate.go:113.58,114.38 1 0
github.com/kong/deck/cmd/gateway_validate.go:114.38,117.5 1 0
github.com/kong/deck/cmd/gateway_validate.go:118.4,118.36 1 0
github.com/kong/deck/cmd/gateway_validate.go:120.8,122.21 2 0
github.com/kong/deck/cmd/gateway_validate.go:122.21,127.4 2 0
github.com/kong/deck/cmd/gateway_validate.go:127.9,132.4 2 0
github.com/kong/deck/cmd/gateway_validate.go:135.2,146.16 3 0
github.com/kong/deck/cmd/gateway_validate.go:146.16,155.3 2 0
github.com/kong/deck/cmd/gateway_validate.go:156.2,165.46 4 0
github.com/kong/deck/cmd/gateway_validate.go:165.46,166.21 1 0
github.com/kong/deck/cmd/gateway_validate.go:168.2,168.20 1 0
github.com/kong/deck/cmd/gateway_validate.go:171.98,174.16 2 0
github.com/kong/deck/cmd/gateway_validate.go:174.16,176.3 1 0
github.com/kong/deck/cmd/gateway_validate.go:177.2,178.16 2 0
github.com/kong/deck/cmd/gateway_validate.go:178.16,180.3 1 0
github.com/kong/deck/cmd/gateway_validate.go:181.2,189.46 3 0
github.com/kong/deck/cmd/gateway_validate.go:192.92,194.29 2 0
github.com/kong/deck/cmd/gateway_validate.go:194.29,198.17 3 0
github.com/kong/deck/cmd/gateway_validate.go:198.17,200.4 1 0
github.com/kong/deck/cmd/gateway_validate.go:201.3,201.23 1 0
github.com/kong/deck/cmd/gateway_validate.go:201.23,203.4 1 0
github.com/kong/deck/cmd/gateway_validate.go:206.2,208.16 3 0
github.com/kong/deck/cmd/gateway_validate.go:208.16,210.3 1 0
github.com/kong/deck/cmd/gateway_validate.go:211.2,211.24 1 0
github.com/kong/deck/cmd/gateway_validate.go:217.34,220.70 2 0
github.com/kong/deck/cmd/gateway_validate.go:220.70,222.3 1 0
github.com/kong/deck/cmd/gateway_validate.go:223.2,223.71 1 0
github.com/kong/deck/cmd/gateway_validate.go:223.71,225.3 1 0
github.com/kong/deck/cmd/gateway_validate.go:226.2,226.72 1 0
github.com/kong/deck/cmd/gateway_validate.go:226.72,228.3 1 0
github.com/kong/deck/cmd/gateway_validate.go:229.2,229.76 1 0
github.com/kong/deck/cmd/gateway_validate.go:229.76,231.3 1 0
github.com/kong/deck/cmd/gateway_validate.go:232.2,232.74 1 0
github.com/kong/deck/cmd/gateway_validate.go:232.74,234.3 1 0
github.com/kong/deck/cmd/gateway_validate.go:235.2,235.71 1 0
github.com/kong/deck/cmd/gateway_validate.go:235.71,237.3 1 0
github.com/kong/deck/cmd/gateway_validate.go:238.2,238.71 1 0
github.com/kong/deck/cmd/gateway_validate.go:238.71,240.3 1 0
github.com/kong/deck/cmd/gateway_validate.go:241.2,241.71 1 0
github.com/kong/deck/cmd/gateway_validate.go:241.71,243.3 1 0
github.com/kong/deck/cmd/gateway_validate.go:244.2,244.70 1 0
github.com/kong/deck/cmd/gateway_validate.go:244.70,246.3 1 0
github.com/kong/deck/cmd/gateway_validate.go:247.2,247.70 1 0
github.com/kong/deck/cmd/gateway_validate.go:247.70,249.3 1 0
github.com/kong/deck/cmd/gateway_validate.go:250.2,250.73 1 0
github.com/kong/deck/cmd/gateway_validate.go:250.73,252.3 1 0
github.com/kong/deck/cmd/gateway_validate.go:253.2,253.69 1 0
github.com/kong/deck/cmd/gateway_validate.go:253.69,255.3 1 0
github.com/kong/deck/cmd/gateway_validate.go:256.2,256.68 1 0
github.com/kong/deck/cmd/gateway_validate.go:256.68,258.3 1 0
github.com/kong/deck/cmd/gateway_validate.go:259.2,259.66 1 0
github.com/kong/deck/cmd/gateway_validate.go:259.66,261.3 1 0
github.com/kong/deck/cmd/gateway_validate.go:262.2,262.69 1 0
github.com/kong/deck/cmd/gateway_validate.go:262.69,264.3 1 0
github.com/kong/deck/cmd/gateway_validate.go:265.2,265.71 1 0
github.com/kong/deck/cmd/gateway_validate.go:265.71,267.3 1 0
github.com/kong/deck/cmd/gateway_validate.go:268.2,268.85 1 0
github.com/kong/deck/cmd/gateway_validate.go:268.85,270.3 1 0
github.com/kong/deck/cmd/gateway_validate.go:271.2,271.71 1 0
github.com/kong/deck/cmd/gateway_validate.go:271.71,273.3 1 0
github.com/kong/deck/cmd/gateway_validate.go:274.2,274.12 1 0
github.com/kong/deck/cmd/konnect.go:14.37,20.61 1 0
github.com/kong/deck/cmd/konnect.go:20.61,24.4 1 0
github.com/kong/deck/cmd/konnect.go:26.2,30.19 5 0
github.com/kong/deck/cmd/konnect_diff.go:14.41,24.55 1 0
github.com/kong/deck/cmd/konnect_diff.go:24.55,28.4 2 0
github.com/kong/deck/cmd/konnect_diff.go:29.58,31.4 1 0
github.com/kong/deck/cmd/konnect_diff.go:34.2,49.23 7 0
github.com/kong/deck/cmd/konnect_dump.go:20.41,30.55 1 0
github.com/kong/deck/cmd/konnect_dump.go:30.55,34.118 3 0
github.com/kong/deck/cmd/konnect_dump.go:34.118,36.5 1 0
github.com/kong/deck/cmd/konnect_dump.go:36.10,36.19 1 0
github.com/kong/deck/cmd/konnect_dump.go:36.19,38.5 1 0
github.com/kong/deck/cmd/konnect_dump.go:41.4,42.18 2 0
github.com/kong/deck/cmd/konnect_dump.go:42.18,44.5 1 0
github.com/kong/deck/cmd/konnect_dump.go:47.4,50.18 2 0
github.com/kong/deck/cmd/konnect_dump.go:50.18,52.5 1 0
github.com/kong/deck/cmd/konnect_dump.go:55.4,56.18 2 0
github.com/kong/deck/cmd/konnect_dump.go:56.18,58.5 1 0
github.com/kong/deck/cmd/konnect_dump.go:61.4,66.18 2 0
github.com/kong/deck/cmd/konnect_dump.go:66.18,68.5 1 0
github.com/kong/deck/cmd/konnect_dump.go:70.4,72.18 2 0
github.com/kong/deck/cmd/konnect_dump.go:72.18,74.5 1 0
github.com/kong/deck/cmd/konnect_dump.go:76.4,80.6 1 0
github.com/kong/deck/cmd/konnect_dump.go:84.2,95.23 6 0
github.com/kong/deck/cmd/konnect_ping.go:11.41,19.55 1 0
github.com/kong/deck/cmd/konnect_ping.go:19.55,22.18 3 0
github.com/kong/deck/cmd/konnect_ping.go:22.18,24.5 1 0
github.com/kong/deck/cmd/konnect_ping.go:25.4,27.18 2 0
github.com/kong/deck/cmd/konnect_ping.go:27.18,29.5 1 0
github.com/kong/deck/cmd/konnect_ping.go:30.4,32.27 2 0
github.com/kong/deck/cmd/konnect_ping.go:32.27,34.5 1 0
github.com/kong/deck/cmd/konnect_ping.go:35.4,35.14 1 0
github.com/kong/deck/cmd/konnect_sync.go:8.41,16.55 1 0
github.com/kong/deck/cmd/konnect_sync.go:16.55,20.4 2 0
github.com/kong/deck/cmd/konnect_sync.go:21.58,23.4 1 0
github.com/kong/deck/cmd/konnect_sync.go:26.2,37.23 6 0
github.com/kong/deck/cmd/root.go:39.34,48.68 1 0
github.com/kong/deck/cmd/root.go:48.68,49.69 1 0
github.com/kong/deck/cmd/root.go:49.69,51.5 1 0
github.com/kong/deck/cmd/root.go:52.4,52.14 1 0
github.com/kong/deck/cmd/root.go:55.2,231.2 64 0
github.com/kong/deck/cmd/root.go:231.2,240.3 8 0
github.com/kong/deck/cmd/root.go:241.2,255.3 13 0
github.com/kong/deck/cmd/root.go:256.2,256.16 1 0
github.com/kong/deck/cmd/root.go:262.35,265.16 3 0
github.com/kong/deck/cmd/root.go:265.16,268.3 1 0
github.com/kong/deck/cmd/root.go:272.19,273.19 1 0
github.com/kong/deck/cmd/root.go:273.19,276.3 1 0
github.com/kong/deck/cmd/root.go:276.8,279.17 2 0
github.com/kong/deck/cmd/root.go:279.17,282.4 2 0
github.com/kong/deck/cmd/root.go:285.3,286.31 2 0
github.com/kong/deck/cmd/root.go:288.2,292.45 4 0
github.com/kong/deck/cmd/root.go:292.45,293.56 1 0
github.com/kong/deck/cmd/root.go:293.56,296.4 2 0
github.com/kong/deck/cmd/root.go:299.2,301.25 2 0
github.com/kong/deck/cmd/root.go:301.25,303.30 2 0
github.com/kong/deck/cmd/root.go:303.30,305.18 2 0
github.com/kong/deck/cmd/root.go:305.18,308.5 2 0
github.com/kong/deck/cmd/root.go:309.4,310.58 2 0
github.com/kong/deck/cmd/root.go:314.2,325.29 10 0
github.com/kong/deck/cmd/root.go:325.29,327.34 2 0
github.com/kong/deck/cmd/root.go:327.34,329.18 2 0
github.com/kong/deck/cmd/root.go:329.18,332.5 2 0
github.com/kong/deck/cmd/root.go:333.4,334.66 2 0
github.com/kong/deck/cmd/root.go:337.2,341.28 3 0
github.com/kong/deck/cmd/root.go:341.28,343.33 2 0
github.com/kong/deck/cmd/root.go:343.33,345.18 2 0
github.com/kong/deck/cmd/root.go:345.18,348.5 2 0
github.com/kong/deck/cmd/root.go:349.4,350.64 2 0
github.com/kong/deck/cmd/root.go:353.2,356.69 2 0
github.com/kong/deck/cmd/root.go:356.69,360.3 2 0
github.com/kong/deck/cmd/root.go:363.2,367.44 3 0
github.com/kong/deck/cmd/root.go:367.44,370.3 2 0
github.com/kong/deck/cmd/root.go:373.32,378.42 3 0
github.com/kong/deck/cmd/root.go:378.42,380.17 2 0
github.com/kong/deck/cmd/root.go:380.17,382.4 1 0
github.com/kong/deck/cmd/root.go:383.3,383.28 1 0
github.com/kong/deck/cmd/root.go:383.28,385.4 1 0
github.com/kong/deck/cmd/root.go:386.3,387.47 2 0
github.com/kong/deck/cmd/root.go:390.2,394.36 3 0
github.com/kong/deck/cmd/root.go:394.36,396.17 2 0
github.com/kong/deck/cmd/root.go:396.17,398.4 1 0
github.com/kong/deck/cmd/root.go:399.3,399.28 1 0
github.com/kong/deck/cmd/root.go:399.28,401.4 1 0
github.com/kong/deck/cmd/root.go:402.3,403.41 2 0
github.com/kong/deck/cmd/root.go:406.2,415.12 10 0
github.com/kong/deck/cmd/root.go:418.47,422.2 3 0
github.com/kong/deck/cmd/root.go:424.13,427.2 1 1
github.com/kong/deck/cmd/utils.go:10.35,18.2 5 0
github.com/kong/deck/cmd/utils.go:22.38,23.19 1 0
github.com/kong/deck/cmd/utils.go:23.19,25.3 1 0
github.com/kong/deck/cmd/utils.go:26.2,26.12 1 0
github.com/kong/deck/cmd/utils.go:29.47,32.2 1 0
github.com/kong/deck/cmd/version.go:18.37,25.48 1 0
github.com/kong/deck/cmd/version.go:25.48,27.4 1 0
github.com/kong/deck/dump/dump.go:42.49,46.32 3 0
github.com/kong/deck/dump/dump.go:46.32,47.40 1 0
github.com/kong/deck/dump/dump.go:47.40,50.4 2 0
github.com/kong/deck/dump/dump.go:53.2,53.15 1 0
github.com/kong/deck/dump/dump.go:56.42,62.2 5 0
github.com/kong/deck/dump/dump.go:64.42,65.30 1 4
github.com/kong/deck/dump/dump.go:65.30,66.27 1 3
github.com/kong/deck/dump/dump.go:66.27,68.4 1 1
github.com/kong/deck/dump/dump.go:69.3,69.36 1 2
github.com/kong/deck/dump/dump.go:69.36,71.4 1 1
github.com/kong/deck/dump/dump.go:73.2,73.12 1 2
github.com/kong/deck/dump/dump.go:78.3,79.24 1 0
github.com/kong/deck/dump/dump.go:79.24,81.17 2 0
github.com/kong/deck/dump/dump.go:81.17,82.59 1 0
github.com/kong/deck/dump/dump.go:82.59,84.5 1 0
github.com/kong/deck/dump/dump.go:85.4,85.49 1 0
github.com/kong/deck/dump/dump.go:87.3,88.13 2 0
github.com/kong/deck/dump/dump.go:94.3,95.24 1 0
github.com/kong/deck/dump/dump.go:95.24,97.17 2 0
github.com/kong/deck/dump/dump.go:97.17,99.4 1 0
github.com/kong/deck/dump/dump.go:100.3,100.48 1 0
github.com/kong/deck/dump/dump.go:100.48,102.18 2 0
github.com/kong/deck/dump/dump.go:102.18,104.5 1 0
github.com/kong/deck/dump/dump.go:105.4,105.32 1 0
github.com/kong/deck/dump/dump.go:107.3,108.13 2 0
github.com/kong/deck/dump/dump.go:111.2,111.24 1 0
github.com/kong/deck/dump/dump.go:111.24,113.17 2 0
github.com/kong/deck/dump/dump.go:113.17,115.4 1 0
github.com/kong/deck/dump/dump.go:116.3,117.13 2 0
github.com/kong/deck/dump/dump.go:120.2,120.24 1 0
github.com/kong/deck/dump/dump.go:120.24,122.17 2 0
github.com/kong/deck/dump/dump.go:122.17,124.4 1 0
github.com/kong/deck/dump/dump.go:125.3,126.13 2 0
github.com/kong/deck/dump/dump.go:129.2,129.24 1 0
github.com/kong/deck/dump/dump.go:129.24,131.17 2 0
github.com/kong/deck/dump/dump.go:131.17,133.4 1 0
github.com/kong/deck/dump/dump.go:134.3,135.13 2 0
github.com/kong/deck/dump/dump.go:138.2,138.24 1 0
github.com/kong/deck/dump/dump.go:138.24,140.17 2 0
github.com/kong/deck/dump/dump.go:140.17,142.4 1 0
github.com/kong/deck/dump/dump.go:143.3,144.13 2 0
github.com/kong/deck/dump/dump.go:147.2,147.24 1 0
github.com/kong/deck/dump/dump.go:147.24,149.17 2 0
github.com/kong/deck/dump/dump.go:149.17,151.4 1 0
github.com/kong/deck/dump/dump.go:152.3,153.13 2 0
github.com/kong/deck/dump/dump.go:156.2,156.24 1 0
github.com/kong/deck/dump/dump.go:156.24,158.17 2 0
github.com/kong/deck/dump/dump.go:158.17,160.4 1 0
github.com/kong/deck/dump/dump.go:161.3,162.13 2 0
github.com/kong/deck/dump/dump.go:165.2,165.24 1 0
github.com/kong/deck/dump/dump.go:165.24,176.17 2 0
github.com/kong/deck/dump/dump.go:176.17,178.4 1 0
github.com/kong/deck/dump/dump.go:179.3,180.13 2 0
github.com/kong/deck/dump/dump.go:186.3,187.24 1 0
github.com/kong/deck/dump/dump.go:187.24,189.17 2 0
github.com/kong/deck/dump/dump.go:189.17,191.4 1 0
github.com/kong/deck/dump/dump.go:192.3,193.13 2 0
github.com/kong/deck/dump/dump.go:196.2,196.24 1 0
github.com/kong/deck/dump/dump.go:196.24,198.17 2 0
github.com/kong/deck/dump/dump.go:198.17,200.4 1 0
github.com/kong/deck/dump/dump.go:201.3,202.13 2 0
github.com/kong/deck/dump/dump.go:205.2,205.24 1 0
github.com/kong/deck/dump/dump.go:205.24,207.17 2 0
github.com/kong/deck/dump/dump.go:207.17,209.4 1 0
github.com/kong/deck/dump/dump.go:210.3,211.27 2 0
github.com/kong/deck/dump/dump.go:211.27,214.4 2 0
github.com/kong/deck/dump/dump.go:215.3,216.13 2 0
github.com/kong/deck/dump/dump.go:219.2,219.24 1 0
github.com/kong/deck/dump/dump.go:219.24,221.17 2 0
github.com/kong/deck/dump/dump.go:221.17,223.4 1 0
github.com/kong/deck/dump/dump.go:224.3,225.13 2 0
github.com/kong/deck/dump/dump.go:228.2,228.25 1 0
github.com/kong/deck/dump/dump.go:228.25,229.25 1 0
github.com/kong/deck/dump/dump.go:229.25,231.18 2 0
github.com/kong/deck/dump/dump.go:231.18,233.5 1 0
github.com/kong/deck/dump/dump.go:234.4,235.14 2 0
github.com/kong/deck/dump/dump.go:239.2,239.24 1 0
github.com/kong/deck/dump/dump.go:239.24,241.17 2 0
github.com/kong/deck/dump/dump.go:241.17,243.4 1 0
github.com/kong/deck/dump/dump.go:244.3,245.13 2 0
github.com/kong/deck/dump/dump.go:248.2,248.24 1 0
github.com/kong/deck/dump/dump.go:248.24,250.17 2 0
github.com/kong/deck/dump/dump.go:250.17,252.4 1 0
github.com/kong/deck/dump/dump.go:253.3,255.17 3 0
github.com/kong/deck/dump/dump.go:255.17,257.4 1 0
github.com/kong/deck/dump/dump.go:258.3,259.13 2 0
github.com/kong/deck/dump/dump.go:262.2,262.24 1 0
github.com/kong/deck/dump/dump.go:262.24,264.17 2 0
github.com/kong/deck/dump/dump.go:264.17,266.4 1 0
github.com/kong/deck/dump/dump.go:267.3,268.13 2 0
github.com/kong/deck/dump/dump.go:274.3,275.24 1 0
github.com/kong/deck/dump/dump.go:275.24,277.17 2 0
github.com/kong/deck/dump/dump.go:277.17,279.4 1 0
github.com/kong/deck/dump/dump.go:280.3,281.13 2 0
github.com/kong/deck/dump/dump.go:284.2,284.24 1 0
github.com/kong/deck/dump/dump.go:284.24,286.17 2 0
github.com/kong/deck/dump/dump.go:286.17,288.4 1 0
github.com/kong/deck/dump/dump.go:289.3,290.13 2 0
github.com/kong/deck/dump/dump.go:296.96,299.47 2 0
github.com/kong/deck/dump/dump.go:299.47,301.3 1 0
github.com/kong/deck/dump/dump.go:303.2,306.30 2 0
github.com/kong/deck/dump/dump.go:306.30,308.3 1 0
github.com/kong/deck/dump/dump.go:308.8,311.28 2 0
github.com/kong/deck/dump/dump.go:311.28,314.4 2 0
github.com/kong/deck/dump/dump.go:317.2,318.16 2 0
github.com/kong/deck/dump/dump.go:318.16,320.3 1 0
github.com/kong/deck/dump/dump.go:322.2,322.20 1 0
github.com/kong/deck/dump/dump.go:328.28,332.6 3 0
github.com/kong/deck/dump/dump.go:332.6,334.17 2 0
github.com/kong/deck/dump/dump.go:334.17,336.4 1 0
github.com/kong/deck/dump/dump.go:337.3,337.35 1 0
github.com/kong/deck/dump/dump.go:337.35,339.4 1 0
github.com/kong/deck/dump/dump.go:340.3,341.21 2 0
github.com/kong/deck/dump/dump.go:341.21,342.9 1 0
github.com/kong/deck/dump/dump.go:344.3,344.16 1 0
github.com/kong/deck/dump/dump.go:346.2,346.22 1 0
github.com/kong/deck/dump/dump.go:352.26,356.6 3 0
github.com/kong/deck/dump/dump.go:356.6,358.17 2 0
github.com/kong/deck/dump/dump.go:358.17,360.4 1 0
github.com/kong/deck/dump/dump.go:361.3,361.35 1 0
github.com/kong/deck/dump/dump.go:361.35,363.4 1 0
github.com/kong/deck/dump/dump.go:364.3,365.21 2 0
github.com/kong/deck/dump/dump.go:365.21,366.9 1 0
github.com/kong/deck/dump/dump.go:368.3,368.16 1 0
github.com/kong/deck/dump/dump.go:370.2,370.20 1 0
github.com/kong/deck/dump/dump.go:376.27,380.6 3 0
github.com/kong/deck/dump/dump.go:380.6,382.17 2 0
github.com/kong/deck/dump/dump.go:382.17,384.4 1 0
github.com/kong/deck/dump/dump.go:385.3,385.35 1 0
github.com/kong/deck/dump/dump.go:385.35,387.4 1 0
github.com/kong/deck/dump/dump.go:388.3,389.21 2 0
github.com/kong/deck/dump/dump.go:389.21,390.9 1 0
github.com/kong/deck/dump/dump.go:392.3,392.16 1 0
github.com/kong/deck/dump/dump.go:394.2,394.21 1 0
github.com/kong/deck/dump/dump.go:400.32,404.6 3 0
github.com/kong/deck/dump/dump.go:404.6,406.17 2 0
github.com/kong/deck/dump/dump.go:406.17,408.4 1 0
github.com/kong/deck/dump/dump.go:409.3,409.35 1 0
github.com/kong/deck/dump/dump.go:409.35,411.4 1 0
github.com/kong/deck/dump/dump.go:412.3,412.26 1 0
github.com/kong/deck/dump/dump.go:412.26,416.4 3 0
github.com/kong/deck/dump/dump.go:417.3,417.21 1 0
github.com/kong/deck/dump/dump.go:417.21,418.9 1 0
github.com/kong/deck/dump/dump.go:420.3,420.16 1 0
github.com/kong/deck/dump/dump.go:422.2,422.26 1 0
github.com/kong/deck/dump/dump.go:429.34,433.6 3 0
github.com/kong/deck/dump/dump.go:433.6,443.17 2 0
github.com/kong/deck/dump/dump.go:443.17,444.31 1 0
github.com/kong/deck/dump/dump.go:444.31,446.5 1 0
github.com/kong/deck/dump/dump.go:447.4,447.19 1 0
github.com/kong/deck/dump/dump.go:449.3,449.35 1 0
github.com/kong/deck/dump/dump.go:449.35,451.4 1 0
github.com/kong/deck/dump/dump.go:452.3,453.21 2 0
github.com/kong/deck/dump/dump.go:453.21,454.9 1 0
github.com/kong/deck/dump/dump.go:456.3,456.16 1 0
github.com/kong/deck/dump/dump.go:458.2,458.28 1 0
github.com/kong/deck/dump/dump.go:464.24,468.6 3 0
github.com/kong/deck/dump/dump.go:468.6,470.17 2 0
github.com/kong/deck/dump/dump.go:470.17,472.4 1 0
github.com/kong/deck/dump/dump.go:473.3,473.35 1 0
github.com/kong/deck/dump/dump.go:473.35,475.4 1 0
github.com/kong/deck/dump/dump.go:476.3,477.21 2 0
github.com/kong/deck/dump/dump.go:477.21,478.9 1 0
github.com/kong/deck/dump/dump.go:480.3,480.16 1 0
github.com/kong/deck/dump/dump.go:482.2,482.18 1 0
github.com/kong/deck/dump/dump.go:489.29,493.6 3 0
github.com/kong/deck/dump/dump.go:493.6,495.17 2 0
github.com/kong/deck/dump/dump.go:495.17,497.4 1 0
github.com/kong/deck/dump/dump.go:498.3,498.35 1 0
github.com/kong/deck/dump/dump.go:498.35,500.4 1 0
github.com/kong/deck/dump/dump.go:501.3,501.35 1 0
github.com/kong/deck/dump/dump.go:501.35,503.4 1 0
github.com/kong/deck/dump/dump.go:504.3,505.21 2 0
github.com/kong/deck/dump/dump.go:505.21,506.9 1 0
github.com/kong/deck/dump/dump.go:508.3,508.16 1 0
github.com/kong/deck/dump/dump.go:510.2,510.23 1 0
github.com/kong/deck/dump/dump.go:518.29,521.6 2 0
github.com/kong/deck/dump/dump.go:521.6,523.17 2 0
github.com/kong/deck/dump/dump.go:523.17,525.4 1 0
github.com/kong/deck/dump/dump.go:526.3,526.35 1 0
github.com/kong/deck/dump/dump.go:526.35,528.4 1 0
github.com/kong/deck/dump/dump.go:529.3,529.35 1 0
github.com/kong/deck/dump/dump.go:529.35,531.4 1 0
github.com/kong/deck/dump/dump.go:532.3,533.21 2 0
github.com/kong/deck/dump/dump.go:533.21,534.9 1 0
github.com/kong/deck/dump/dump.go:536.3,536.16 1 0
github.com/kong/deck/dump/dump.go:538.2,538.23 1 0
github.com/kong/deck/dump/dump.go:544.29,548.6 3 0
github.com/kong/deck/dump/dump.go:548.6,550.17 2 0
github.com/kong/deck/dump/dump.go:550.17,552.4 1 0
github.com/kong/deck/dump/dump.go:553.3,553.35 1 0
github.com/kong/deck/dump/dump.go:553.35,555.4 1 0
github.com/kong/deck/dump/dump.go:556.3,557.21 2 0
github.com/kong/deck/dump/dump.go:557.21,558.9 1 0
github.com/kong/deck/dump/dump.go:560.3,560.16 1 0
github.com/kong/deck/dump/dump.go:562.2,562.23 1 0
github.com/kong/deck/dump/dump.go:568.40,572.6 3 0
github.com/kong/deck/dump/dump.go:572.6,574.17 2 0
github.com/kong/deck/dump/dump.go:574.17,576.4 1 0
github.com/kong/deck/dump/dump.go:577.3,577.35 1 0
github.com/kong/deck/dump/dump.go:577.35,579.4 1 0
github.com/kong/deck/dump/dump.go:581.3,581.26 1 0
github.com/kong/deck/dump/dump.go:581.26,583.18 2 0
github.com/kong/deck/dump/dump.go:583.18,585.5 1 0
github.com/kong/deck/dump/dump.go:586.4,586.36 1 0
github.com/kong/deck/dump/dump.go:586.36,588.5 1 0
github.com/kong/deck/dump/dump.go:589.4,594.62 2 0
github.com/kong/deck/dump/dump.go:596.3,596.21 1 0
github.com/kong/deck/dump/dump.go:596.21,597.9 1 0
github.com/kong/deck/dump/dump.go:599.3,599.16 1 0
github.com/kong/deck/dump/dump.go:601.2,601.34 1 0
github.com/kong/deck/dump/dump.go:609.27,613.37 3 0
github.com/kong/deck/dump/dump.go:613.37,614.7 1 0
github.com/kong/deck/dump/dump.go:614.7,616.18 2 0
github.com/kong/deck/dump/dump.go:616.18,618.5 1 0
github.com/kong/deck/dump/dump.go:619.4,619.36 1 0
github.com/kong/deck/dump/dump.go:619.36,621.5 1 0
github.com/kong/deck/dump/dump.go:622.4,623.22 2 0
github.com/kong/deck/dump/dump.go:623.22,624.10 1 0
github.com/kong/deck/dump/dump.go:626.4,626.17 1 0
github.com/kong/deck/dump/dump.go:630.2,630.21 1 0
github.com/kong/deck/dump/dump.go:636.26,640.6 3 0
github.com/kong/deck/dump/dump.go:640.6,642.58 2 0
github.com/kong/deck/dump/dump.go:642.58,644.4 1 0
github.com/kong/deck/dump/dump.go:645.3,645.17 1 0
github.com/kong/deck/dump/dump.go:645.17,647.4 1 0
github.com/kong/deck/dump/dump.go:648.3,648.35 1 0
github.com/kong/deck/dump/dump.go:648.35,650.4 1 0
github.com/kong/deck/dump/dump.go:651.3,652.21 2 0
github.com/kong/deck/dump/dump.go:652.21,653.9 1 0
github.com/kong/deck/dump/dump.go:655.3,655.16 1 0
github.com/kong/deck/dump/dump.go:658.2,658.20 1 0
github.com/kong/deck/dump/dump.go:664.28,668.6 3 0
github.com/kong/deck/dump/dump.go:668.6,670.30 2 0
github.com/kong/deck/dump/dump.go:670.30,672.4 1 0
github.com/kong/deck/dump/dump.go:673.3,673.17 1 0
github.com/kong/deck/dump/dump.go:673.17,675.4 1 0
github.com/kong/deck/dump/dump.go:676.3,676.35 1 0
github.com/kong/deck/dump/dump.go:676.35,678.4 1 0
github.com/kong/deck/dump/dump.go:679.3,680.21 2 0
github.com/kong/deck/dump/dump.go:680.21,681.9 1 0
github.com/kong/deck/dump/dump.go:683.3,683.16 1 0
github.com/kong/deck/dump/dump.go:685.2,685.22 1 0
github.com/kong/deck/dump/dump.go:691.29,695.6 3 0
github.com/kong/deck/dump/dump.go:695.6,697.30 2 0
github.com/kong/deck/dump/dump.go:697.30,699.4 1 0
github.com/kong/deck/dump/dump.go:700.3,700.17 1 0
github.com/kong/deck/dump/dump.go:700.17,702.4 1 0
github.com/kong/deck/dump/dump.go:703.3,703.35 1 0
github.com/kong/deck/dump/dump.go:703.35,705.4 1 0
github.com/kong/deck/dump/dump.go:706.3,707.21 2 0
github.com/kong/deck/dump/dump.go:707.21,708.9 1 0
github.com/kong/deck/dump/dump.go:710.3,710.16 1 0
github.com/kong/deck/dump/dump.go:712.2,712.23 1 0
github.com/kong/deck/dump/dump.go:718.28,722.6 3 0
github.com/kong/deck/dump/dump.go:722.6,724.30 2 0
github.com/kong/deck/dump/dump.go:724.30,726.4 1 0
github.com/kong/deck/dump/dump.go:727.3,727.17 1 0
github.com/kong/deck/dump/dump.go:727.17,729.4 1 0
github.com/kong/deck/dump/dump.go:730.3,730.35 1 0
github.com/kong/deck/dump/dump.go:730.35,732.4 1 0
github.com/kong/deck/dump/dump.go:733.3,734.21 2 0
github.com/kong/deck/dump/dump.go:734.21,735.9 1 0
github.com/kong/deck/dump/dump.go:737.3,737.16 1 0
github.com/kong/deck/dump/dump.go:739.2,739.22 1 0
github.com/kong/deck/dump/dump.go:745.30,749.6 3 0
github.com/kong/deck/dump/dump.go:749.6,751.30 2 0
github.com/kong/deck/dump/dump.go:751.30,753.4 1 0
github.com/kong/deck/dump/dump.go:754.3,754.17 1 0
github.com/kong/deck/dump/dump.go:754.17,756.4 1 0
github.com/kong/deck/dump/dump.go:757.3,757.35 1 0
github.com/kong/deck/dump/dump.go:757.35,759.4 1 0
github.com/kong/deck/dump/dump.go:760.3,761.21 2 0
github.com/kong/deck/dump/dump.go:761.21,762.9 1 0
github.com/kong/deck/dump/dump.go:764.3,764.16 1 0
github.com/kong/deck/dump/dump.go:766.2,766.24 1 0
github.com/kong/deck/dump/dump.go:772.37,776.6 3 0
github.com/kong/deck/dump/dump.go:776.6,778.30 2 0
github.com/kong/deck/dump/dump.go:778.30,780.4 1 0
github.com/kong/deck/dump/dump.go:781.3,781.17 1 0
github.com/kong/deck/dump/dump.go:781.17,783.4 1 0
github.com/kong/deck/dump/dump.go:784.3,784.35 1 0
github.com/kong/deck/dump/dump.go:784.35,786.4 1 0
github.com/kong/deck/dump/dump.go:787.3,788.21 2 0
github.com/kong/deck/dump/dump.go:788.21,789.9 1 0
github.com/kong/deck/dump/dump.go:791.3,791.16 1 0
github.com/kong/deck/dump/dump.go:793.2,793.25 1 0
github.com/kong/deck/dump/dump.go:799.29,803.6 3 0
github.com/kong/deck/dump/dump.go:803.6,805.30 2 0
github.com/kong/deck/dump/dump.go:805.30,807.4 1 0
github.com/kong/deck/dump/dump.go:808.3,808.17 1 0
github.com/kong/deck/dump/dump.go:808.17,810.4 1 0
github.com/kong/deck/dump/dump.go:811.3,811.35 1 0
github.com/kong/deck/dump/dump.go:811.35,813.4 1 0
github.com/kong/deck/dump/dump.go:814.3,815.21 2 0
github.com/kong/deck/dump/dump.go:815.21,816.9 1 0
github.com/kong/deck/dump/dump.go:818.3,818.16 1 0
github.com/kong/deck/dump/dump.go:820.2,820.23 1 0
github.com/kong/deck/dump/dump.go:826.29,830.6 3 0
github.com/kong/deck/dump/dump.go:830.6,832.30 2 0
github.com/kong/deck/dump/dump.go:832.30,834.4 1 0
github.com/kong/deck/dump/dump.go:835.3,835.17 1 0
github.com/kong/deck/dump/dump.go:835.17,845.32 2 0
github.com/kong/deck/dump/dump.go:845.32,846.47 1 0
github.com/kong/deck/dump/dump.go:846.47,848.6 1 0
github.com/kong/deck/dump/dump.go:850.4,850.19 1 0
github.com/kong/deck/dump/dump.go:852.3,852.35 1 0
github.com/kong/deck/dump/dump.go:852.35,854.4 1 0
github.com/kong/deck/dump/dump.go:855.3,856.21 2 0
github.com/kong/deck/dump/dump.go:856.21,857.9 1 0
github.com/kong/deck/dump/dump.go:859.3,859.16 1 0
github.com/kong/deck/dump/dump.go:861.2,861.23 1 0
github.com/kong/deck/dump/dump.go:867.29,869.16 2 0
github.com/kong/deck/dump/dump.go:869.16,871.3 1 0
github.com/kong/deck/dump/dump.go:872.2,872.34 1 0
github.com/kong/deck/dump/dump.go:872.34,874.3 1 0
github.com/kong/deck/dump/dump.go:876.2,876.19 1 0
github.com/kong/deck/dump/dump.go:881.43,884.16 3 0
github.com/kong/deck/dump/dump.go:884.16,886.3 1 0
github.com/kong/deck/dump/dump.go:887.2,887.34 1 0
github.com/kong/deck/dump/dump.go:887.34,889.3 1 0
github.com/kong/deck/dump/dump.go:891.2,891.26 1 0
github.com/kong/deck/dump/dump.go:891.26,893.17 2 0
github.com/kong/deck/dump/dump.go:893.17,895.4 1 0
github.com/kong/deck/dump/dump.go:896.3,896.35 1 0
github.com/kong/deck/dump/dump.go:896.35,898.4 1 0
github.com/kong/deck/dump/dump.go:899.3,899.29 1 0
github.com/kong/deck/dump/dump.go:902.2,902.17 1 0
github.com/kong/deck/dump/dump.go:906.69,908.28 2 0
github.com/kong/deck/dump/dump.go:908.28,909.55 1 0
github.com/kong/deck/dump/dump.go:909.55,910.12 1 0
github.com/kong/deck/dump/dump.go:912.3,912.33 1 0
github.com/kong/deck/dump/dump.go:914.2,914.17 1 0
github.com/kong/deck/dump/dump.go:918.74,920.28 2 0
github.com/kong/deck/dump/dump.go:920.28,921.65 1 0
github.com/kong/deck/dump/dump.go:921.65,922.12 1 0
github.com/kong/deck/dump/dump.go:924.3,924.33 1 0
github.com/kong/deck/dump/dump.go:926.2,926.17 1 0
github.com/kong/deck/dump/dump_konnect.go:22.35,29.24 5 0
github.com/kong/deck/dump/dump_konnect.go:29.24,33.17 3 0
github.com/kong/deck/dump/dump_konnect.go:33.17,35.4 1 0
github.com/kong/deck/dump/dump_konnect.go:38.3,43.13 5 0
github.com/kong/deck/dump/dump_konnect.go:43.13,46.29 2 0
github.com/kong/deck/dump/dump_konnect.go:46.29,48.5 1 0
github.com/kong/deck/dump/dump_konnect.go:51.3,54.45 3 0
github.com/kong/deck/dump/dump_konnect.go:54.45,58.18 2 0
github.com/kong/deck/dump/dump_konnect.go:58.18,60.5 1 0
github.com/kong/deck/dump/dump_konnect.go:61.4,61.19 1 0
github.com/kong/deck/dump/dump_konnect.go:61.19,64.19 3 0
github.com/kong/deck/dump/dump_konnect.go:64.19,67.6 2 0
github.com/kong/deck/dump/dump_konnect.go:68.5,68.43 1 0
github.com/kong/deck/dump/dump_konnect.go:70.4,70.19 1 0
github.com/kong/deck/dump/dump_konnect.go:70.19,73.19 3 0
github.com/kong/deck/dump/dump_konnect.go:73.19,76.6 2 0
github.com/kong/deck/dump/dump_konnect.go:77.5,77.56 1 0
github.com/kong/deck/dump/dump_konnect.go:80.3,80.45 1 0
github.com/kong/deck/dump/dump_konnect.go:80.45,81.56 1 0
github.com/kong/deck/dump/dump_konnect.go:81.56,83.19 2 0
github.com/kong/deck/dump/dump_konnect.go:83.19,85.6 1 0
github.com/kong/deck/dump/dump_konnect.go:86.5,86.45 1 0
github.com/kong/deck/dump/dump_konnect.go:86.45,89.20 3 0
github.com/kong/deck/dump/dump_konnect.go:89.20,92.7 2 0
github.com/kong/deck/dump/dump_konnect.go:93.6,93.57 1 0
github.com/kong/deck/dump/dump_konnect.go:97.3,98.17 2 0
github.com/kong/deck/dump/dump_konnect.go:98.17,100.4 1 0
github.com/kong/deck/dump/dump_konnect.go:101.3,105.18 5 0
github.com/kong/deck/dump/dump_konnect.go:105.18,107.4 1 0
github.com/kong/deck/dump/dump_konnect.go:108.3,108.13 1 0
github.com/kong/deck/dump/dump_konnect.go:112.2,112.24 1 0
github.com/kong/deck/dump/dump_konnect.go:112.24,116.3 3 0
github.com/kong/deck/dump/dump_konnect.go:118.2,119.16 2 0
github.com/kong/deck/dump/dump_konnect.go:119.16,121.3 1 0
github.com/kong/deck/dump/dump_konnect.go:123.2,125.18 2 0
github.com/kong/deck/dump/dump_konnect.go:130.29,133.29 3 6
github.com/kong/deck/dump/dump_konnect.go:133.29,135.26 1 5
github.com/kong/deck/dump/dump_konnect.go:136.10,137.24 1 1
github.com/kong/deck/dump/dump_konnect.go:138.11,144.33 3 4
github.com/kong/deck/dump/dump_konnect.go:144.33,145.45 1 5
github.com/kong/deck/dump/dump_konnect.go:145.45,147.6 1 2
github.com/kong/deck/dump/dump_konnect.go:147.11,148.74 1 3
github.com/kong/deck/dump/dump_konnect.go:148.74,150.6 1 1
github.com/kong/deck/dump/dump_konnect.go:153.4,153.32 1 4
github.com/kong/deck/dump/dump_konnect.go:153.32,155.5 1 2
github.com/kong/deck/dump/dump_konnect.go:158.2,158.12 1 6
github.com/kong/deck/dump/dump_konnect.go:163.19,165.37 2 9
github.com/kong/deck/dump/dump_konnect.go:165.37,169.38 1 7
github.com/kong/deck/dump/dump_konnect.go:169.38,171.4 1 4
github.com/kong/deck/dump/dump_konnect.go:173.2,173.12 1 9
github.com/kong/deck/dump/dump_konnect.go:177.74,179.28 2 3
github.com/kong/deck/dump/dump_konnect.go:179.28,180.28 1 8
github.com/kong/deck/dump/dump_konnect.go:180.28,181.12 1 6
github.com/kong/deck/dump/dump_konnect.go:183.3,183.33 1 2
github.com/kong/deck/dump/dump_konnect.go:185.2,185.17 1 3
github.com/kong/deck/dump/dump_konnect.go:188.51,189.32 1 8
github.com/kong/deck/dump/dump_konnect.go:189.32,190.44 1 11
github.com/kong/deck/dump/dump_konnect.go:190.44,192.4 1 6
github.com/kong/deck/dump/dump_konnect.go:194.2,194.14 1 2
github.com/kong/deck/cprint/color.go:16.90,17.19 1 3
github.com/kong/deck/cprint/color.go:17.19,19.3 1 0
github.com/kong/deck/cprint/color.go:20.2,22.18 3 3
github.com/kong/deck/cprint/color.go:25.68,26.19 1 9
github.com/kong/deck/cprint/color.go:26.19,28.3 1 6
github.com/kong/deck/cprint/color.go:29.2,31.10 3 3
github.com/kong/deck/cprint/color.go:40.55,42.3 1 1
github.com/kong/deck/cprint/color.go:45.55,47.3 1 1
github.com/kong/deck/cprint/color.go:50.55,52.3 1 1
github.com/kong/deck/cprint/color.go:60.41,62.3 1 3
github.com/kong/deck/cprint/color.go:65.41,67.3 1 3
github.com/kong/deck/cprint/color.go:70.41,72.3 1 3
github.com/kong/deck/cprint/color.go:74.39,76.3 1 0
github.com/kong/deck/crud/registry.go:16.48,17.20 1 28
github.com/kong/deck/crud/registry.go:17.20,19.3 1 7
github.com/kong/deck/crud/registry.go:20.2,20.16 1 28
github.com/kong/deck/crud/registry.go:25.57,26.16 1 11
github.com/kong/deck/crud/registry.go:26.16,28.3 1 2
github.com/kong/deck/crud/registry.go:29.2,30.26 2 9
github.com/kong/deck/crud/registry.go:30.26,32.3 1 2
github.com/kong/deck/crud/registry.go:33.2,34.12 2 7
github.com/kong/deck/crud/registry.go:38.55,40.16 2 3
github.com/kong/deck/crud/registry.go:40.16,41.13 1 2
github.com/kong/deck/crud/registry.go:47.52,48.16 1 20
github.com/kong/deck/crud/registry.go:48.16,50.3 1 1
github.com/kong/deck/crud/registry.go:51.2,53.9 3 19
github.com/kong/deck/crud/registry.go:53.9,55.3 1 5
github.com/kong/deck/crud/registry.go:56.2,56.15 1 14
github.com/kong/deck/crud/registry.go:61.85,63.16 2 4
github.com/kong/deck/crud/registry.go:63.16,65.3 1 1
github.com/kong/deck/crud/registry.go:67.2,68.16 2 3
github.com/kong/deck/crud/registry.go:68.16,70.3 1 1
[...]
github.com/kong/deck/validate/validate.go:153.2,153.78 1 0
github.com/kong/deck/validate/validate.go:153.78,155.3 1 0
github.com/kong/deck/validate/validate.go:156.2,156.68 1 0
github.com/kong/deck/validate/validate.go:156.68,158.3 1 0
github.com/kong/deck/validate/validate.go:159.2,159.76 1 0
github.com/kong/deck/validate/validate.go:159.76,161.3 1 0
github.com/kong/deck/validate/validate.go:162.2,162.78 1 0
github.com/kong/deck/validate/validate.go:162.78,164.3 1 0
github.com/kong/deck/validate/validate.go:165.2,165.63 1 0
github.com/kong/deck/validate/validate.go:165.63,167.3 1 0
github.com/kong/deck/validate/validate.go:168.2,168.61 1 0
github.com/kong/deck/validate/validate.go:168.61,170.3 1 0
github.com/kong/deck/validate/validate.go:171.2,171.57 1 0
github.com/kong/deck/validate/validate.go:171.57,173.3 1 0
github.com/kong/deck/validate/validate.go:174.2,174.63 1 0
github.com/kong/deck/validate/validate.go:174.63,176.3 1 0
github.com/kong/deck/validate/validate.go:177.2,177.67 1 0
github.com/kong/deck/validate/validate.go:177.67,179.3 1 0
github.com/kong/deck/validate/validate.go:182.2,182.43 1 0
github.com/kong/deck/validate/validate.go:182.43,184.3 1 0
github.com/kong/deck/validate/validate.go:185.2,185.15 1 0
github.com/kong/deck/validate/validate.go:188.55,191.28 3 0
github.com/kong/deck/validate/validate.go:191.28,192.50 1 0
github.com/kong/deck/validate/validate.go:192.50,194.4 1 0
github.com/kong/deck/validate/validate.go:196.2,196.32 1 0
github.com/kong/deck/validate/validate.go:196.32,198.3 1 0
github.com/kong/deck/utils/analytics.go:20.70,21.59 1 0
github.com/kong/deck/utils/analytics.go:21.59,23.3 1 0
github.com/kong/deck/utils/analytics.go:24.2,24.15 1 0
github.com/kong/deck/utils/analytics.go:24.15,26.3 1 0
github.com/kong/deck/utils/analytics.go:28.2,32.16 4 0
github.com/kong/deck/utils/analytics.go:32.16,34.3 1 0
github.com/kong/deck/utils/analytics.go:35.2,36.16 2 0
github.com/kong/deck/utils/analytics.go:36.16,38.3 1 0
github.com/kong/deck/utils/analytics.go:39.2,42.16 3 0
github.com/kong/deck/utils/analytics.go:42.16,44.3 1 0
github.com/kong/deck/utils/analytics.go:45.2,45.12 1 0
github.com/kong/deck/utils/analytics.go:48.50,51.26 3 0
github.com/kong/deck/utils/analytics.go:51.26,53.3 1 0
github.com/kong/deck/utils/analytics.go:54.2,54.24 1 0
github.com/kong/deck/utils/analytics.go:57.81,65.25 2 0
github.com/kong/deck/utils/analytics.go:65.25,67.3 1 0
github.com/kong/deck/utils/analytics.go:68.2,68.46 1 0
github.com/kong/deck/utils/analytics.go:68.46,70.3 1 0
github.com/kong/deck/utils/analytics.go:71.2,72.16 2 0
github.com/kong/deck/utils/analytics.go:72.16,74.3 1 0
github.com/kong/deck/utils/analytics.go:75.2,75.15 1 0
github.com/kong/deck/utils/counter.go:10.53,14.2 3 10
github.com/kong/deck/utils/counter.go:16.44,20.2 3 1
github.com/kong/deck/utils/defaulter.go:45.32,53.2 1 13
github.com/kong/deck/utils/defaulter.go:55.63,57.71 2 13
github.com/kong/deck/utils/defaulter.go:57.71,59.3 1 4
github.com/kong/deck/utils/defaulter.go:61.2,61.33 1 9
github.com/kong/deck/utils/defaulter.go:61.33,62.62 1 9
github.com/kong/deck/utils/defaulter.go:62.62,64.4 1 0
github.com/kong/deck/utils/defaulter.go:67.2,68.16 2 9
github.com/kong/deck/utils/defaulter.go:68.16,70.3 1 0
github.com/kong/deck/utils/defaulter.go:71.2,72.16 2 9
github.com/kong/deck/utils/defaulter.go:72.16,74.3 1 0
github.com/kong/deck/utils/defaulter.go:75.2,76.16 2 9
github.com/kong/deck/utils/defaulter.go:76.16,78.3 1 0
github.com/kong/deck/utils/defaulter.go:79.2,80.16 2 9
github.com/kong/deck/utils/defaulter.go:80.16,82.3 1 0
github.com/kong/deck/utils/defaulter.go:83.2,84.16 2 9
github.com/kong/deck/utils/defaulter.go:84.16,86.3 1 0
github.com/kong/deck/utils/defaulter.go:87.2,87.15 1 9
github.com/kong/deck/utils/defaulter.go:91.79,94.45 3 24
github.com/kong/deck/utils/defaulter.go:94.45,96.40 2 46
github.com/kong/deck/utils/defaulter.go:96.40,98.4 1 12
github.com/kong/deck/utils/defaulter.go:100.2,100.28 1 24
github.com/kong/deck/utils/defaulter.go:100.28,103.3 1 6
github.com/kong/deck/utils/defaulter.go:104.2,104.12 1 18
github.com/kong/deck/utils/defaulter.go:107.28,108.16 1 69
github.com/kong/deck/utils/defaulter.go:108.16,110.3 1 10
github.com/kong/deck/utils/defaulter.go:116.53,119.18 3 47
github.com/kong/deck/utils/defaulter.go:119.18,121.3 1 1
github.com/kong/deck/utils/defaulter.go:122.2,124.12 3 46
github.com/kong/deck/utils/defaulter.go:129.91,133.13 4 284
github.com/kong/deck/utils/defaulter.go:134.26,136.45 1 13
github.com/kong/deck/utils/defaulter.go:136.45,137.20 1 13
github.com/kong/deck/utils/defaulter.go:137.20,138.81 1 13
github.com/kong/deck/utils/defaulter.go:138.81,140.6 1 0
github.com/kong/deck/utils/defaulter.go:142.4,142.14 1 13
github.com/kong/deck/utils/defaulter.go:144.25,146.45 1 64
github.com/kong/deck/utils/defaulter.go:146.45,147.20 1 64
github.com/kong/deck/utils/defaulter.go:147.20,148.81 1 64
github.com/kong/deck/utils/defaulter.go:148.81,150.6 1 0
github.com/kong/deck/utils/defaulter.go:152.4,152.14 1 64
github.com/kong/deck/utils/defaulter.go:154.25,156.45 1 13
github.com/kong/deck/utils/defaulter.go:156.45,157.20 1 13
github.com/kong/deck/utils/defaulter.go:157.20,158.81 1 13
github.com/kong/deck/utils/defaulter.go:158.81,160.6 1 0
github.com/kong/deck/utils/defaulter.go:162.4,162.14 1 13
github.com/kong/deck/utils/defaulter.go:164.10,166.13 1 194
github.com/kong/deck/utils/defaulter.go:171.48,174.18 3 22
github.com/kong/deck/utils/defaulter.go:174.18,176.3 1 1
github.com/kong/deck/utils/defaulter.go:177.2,179.9 3 21
github.com/kong/deck/utils/defaulter.go:179.9,181.3 1 3
github.com/kong/deck/utils/defaulter.go:182.2,183.16 2 18
github.com/kong/deck/utils/defaulter.go:183.16,185.3 1 0
github.com/kong/deck/utils/defaulter.go:186.2,186.12 1 18
github.com/kong/deck/utils/defaulter.go:191.46,193.16 2 2
github.com/kong/deck/utils/defaulter.go:193.16,194.13 1 2
github.com/kong/deck/utils/defaulter.go:198.88,204.17 3 0
github.com/kong/deck/utils/defaulter.go:204.17,208.10 2 0
github.com/kong/deck/utils/defaulter.go:208.10,210.4 1 0
github.com/kong/deck/utils/defaulter.go:211.3,211.60 1 0
github.com/kong/deck/utils/defaulter.go:213.2,214.16 2 0
github.com/kong/deck/utils/defaulter.go:214.16,216.3 1 0
github.com/kong/deck/utils/defaulter.go:217.2,218.17 2 0
github.com/kong/deck/utils/defaulter.go:218.17,220.3 1 0
github.com/kong/deck/utils/defaulter.go:223.2,223.44 1 0
github.com/kong/deck/utils/defaulter.go:223.44,225.3 1 0
github.com/kong/deck/utils/defaulter.go:226.2,226.20 1 0
github.com/kong/deck/utils/defaulter.go:229.84,231.33 2 0
github.com/kong/deck/utils/defaulter.go:231.33,233.3 1 0
github.com/kong/deck/utils/defaulter.go:234.2,234.16 1 0
github.com/kong/deck/utils/defaulter.go:234.16,236.3 1 0
github.com/kong/deck/utils/defaulter.go:237.2,237.48 1 0
github.com/kong/deck/utils/defaulter.go:240.94,243.16 2 0
github.com/kong/deck/utils/defaulter.go:243.16,245.3 1 0
github.com/kong/deck/utils/defaulter.go:246.2,251.67 4 0
github.com/kong/deck/utils/defaulter.go:251.67,253.3 1 0
github.com/kong/deck/utils/defaulter.go:254.2,254.46 1 0
github.com/kong/deck/utils/defaulter.go:254.46,256.3 1 0
github.com/kong/deck/utils/defaulter.go:258.2,258.63 1 0
github.com/kong/deck/utils/defaulter.go:258.63,260.3 1 0
github.com/kong/deck/utils/defaulter.go:261.2,261.44 1 0
github.com/kong/deck/utils/defaulter.go:261.44,263.3 1 0
github.com/kong/deck/utils/defaulter.go:265.2,265.69 1 0
github.com/kong/deck/utils/defaulter.go:265.69,267.3 1 0
github.com/kong/deck/utils/defaulter.go:268.2,268.47 1 0
github.com/kong/deck/utils/defaulter.go:268.47,270.3 1 0
github.com/kong/deck/utils/defaulter.go:272.2,272.65 1 0
github.com/kong/deck/utils/defaulter.go:272.65,274.3 1 0
github.com/kong/deck/utils/defaulter.go:275.2,275.45 1 0
github.com/kong/deck/utils/defaulter.go:275.45,277.3 1 0
github.com/kong/deck/utils/defaulter.go:284.2,284.17 1 0
github.com/kong/deck/utils/defaulter.go:284.17,287.17 1 0
github.com/kong/deck/utils/defaulter.go:287.17,289.4 1 0
github.com/kong/deck/utils/defaulter.go:290.8,291.94 1 0
github.com/kong/deck/utils/defaulter.go:291.94,293.4 1 0
github.com/kong/deck/utils/defaulter.go:294.3,294.59 1 0
github.com/kong/deck/utils/defaulter.go:294.59,296.4 1 0
github.com/kong/deck/utils/defaulter.go:298.2,298.15 1 0
github.com/kong/deck/utils/defaulter.go:307.80,309.16 2 13
github.com/kong/deck/utils/defaulter.go:309.16,311.3 1 0
github.com/kong/deck/utils/defaulter.go:312.2,312.66 1 13
github.com/kong/deck/utils/defaulter.go:312.66,314.3 1 0
github.com/kong/deck/utils/defaulter.go:315.2,316.31 2 13
github.com/kong/deck/utils/defaulter.go:319.75,321.16 2 13
github.com/kong/deck/utils/defaulter.go:321.16,323.3 1 4
github.com/kong/deck/utils/defaulter.go:325.2,329.23 4 9
github.com/kong/deck/utils/defaulter.go:329.23,331.17 2 5
github.com/kong/deck/utils/defaulter.go:331.17,333.4 1 0
github.com/kong/deck/utils/defaulter.go:336.2,338.21 3 9
github.com/kong/deck/utils/defaulter.go:338.21,340.17 2 4
github.com/kong/deck/utils/defaulter.go:340.17,342.4 1 0
github.com/kong/deck/utils/defaulter.go:345.2,347.24 3 9
github.com/kong/deck/utils/defaulter.go:347.24,349.17 2 4
github.com/kong/deck/utils/defaulter.go:349.17,351.4 1 0
github.com/kong/deck/utils/defaulter.go:354.2,356.22 3 9
github.com/kong/deck/utils/defaulter.go:356.22,358.17 2 4
github.com/kong/deck/utils/defaulter.go:358.17,360.4 1 0
github.com/kong/deck/utils/defaulter.go:362.2,362.12 1 9
github.com/kong/deck/utils/defaulter.go:365.55,368.69 3 13
github.com/kong/deck/utils/defaulter.go:368.69,370.52 2 52
github.com/kong/deck/utils/defaulter.go:370.52,371.12 1 31
github.com/kong/deck/utils/defaulter.go:373.3,375.17 3 21
github.com/kong/deck/utils/defaulter.go:375.17,379.4 2 4
github.com/kong/deck/utils/defaulter.go:381.2,381.24 1 13
github.com/kong/deck/utils/defaulter.go:381.24,383.3 1 4
github.com/kong/deck/utils/defaulter.go:384.2,384.12 1 9
github.com/kong/deck/utils/defaulter.go:387.62,390.16 1 9
github.com/kong/deck/utils/defaulter.go:390.16,392.3 1 0
github.com/kong/deck/utils/defaulter.go:393.2,395.16 1 9
github.com/kong/deck/utils/defaulter.go:395.16,397.3 1 0
github.com/kong/deck/utils/defaulter.go:398.2,400.16 1 9
github.com/kong/deck/utils/defaulter.go:400.16,402.3 1 0
github.com/kong/deck/utils/defaulter.go:403.2,405.16 1 9
github.com/kong/deck/utils/defaulter.go:405.16,407.3 1 0
github.com/kong/deck/utils/defaulter.go:409.2,409.12 1 9
github.com/kong/deck/utils/prompt.go:13.44,18.16 5 0
github.com/kong/deck/utils/prompt.go:18.16,20.3 1 0
github.com/kong/deck/utils/prompt.go:21.2,22.43 2 0
github.com/kong/deck/utils/prompt.go:22.43,23.27 1 0
github.com/kong/deck/utils/prompt.go:23.27,25.4 1 0
github.com/kong/deck/utils/prompt.go:27.2,27.19 1 0
github.com/kong/deck/utils/prompt.go:33.86,34.15 1 0
github.com/kong/deck/utils/prompt.go:34.15,36.3 1 0
github.com/kong/deck/utils/prompt.go:38.2,40.16 3 0
github.com/kong/deck/utils/prompt.go:40.16,41.37 1 0
github.com/kong/deck/utils/prompt.go:41.37,43.4 1 0
github.com/kong/deck/utils/prompt.go:44.3,44.20 1 0
github.com/kong/deck/utils/prompt.go:48.2,48.89 1 0
github.com/kong/deck/utils/tags.go:9.52,11.16 2 1
github.com/kong/deck/utils/tags.go:11.16,12.13 1 1
github.com/kong/deck/utils/tags.go:17.54,18.20 1 6
github.com/kong/deck/utils/tags.go:18.20,20.3 1 1
github.com/kong/deck/utils/tags.go:21.2,22.31 2 5
github.com/kong/deck/utils/tags.go:22.31,24.3 1 2
github.com/kong/deck/utils/tags.go:25.2,28.24 4 3
github.com/kong/deck/utils/tags.go:28.24,30.3 1 1
github.com/kong/deck/utils/tags.go:31.2,32.40 2 2
github.com/kong/deck/utils/tags.go:32.40,35.3 2 2
github.com/kong/deck/utils/tags.go:36.2,36.27 1 2
github.com/kong/deck/utils/tags.go:36.27,37.27 1 6
github.com/kong/deck/utils/tags.go:37.27,40.4 2 4
github.com/kong/deck/utils/tags.go:42.2,42.12 1 2
github.com/kong/deck/utils/tags.go:46.53,48.16 2 1
github.com/kong/deck/utils/tags.go:48.16,49.13 1 1
github.com/kong/deck/utils/tags.go:54.55,55.20 1 6
github.com/kong/deck/utils/tags.go:55.20,57.3 1 1
github.com/kong/deck/utils/tags.go:59.2,60.27 2 5
github.com/kong/deck/utils/tags.go:60.27,62.3 1 8
github.com/kong/deck/utils/tags.go:64.2,65.31 2 5
github.com/kong/deck/utils/tags.go:65.31,67.3 1 2
github.com/kong/deck/utils/tags.go:68.2,71.24 4 3
github.com/kong/deck/utils/tags.go:71.24,73.3 1 1
github.com/kong/deck/utils/tags.go:75.2,76.40 2 2
github.com/kong/deck/utils/tags.go:76.40,78.14 2 2
github.com/kong/deck/utils/tags.go:78.14,80.4 1 1
github.com/kong/deck/utils/tags.go:82.2,83.12 2 2
github.com/kong/deck/utils/types.go:71.34,72.24 1 7
github.com/kong/deck/utils/types.go:72.24,74.3 1 1
github.com/kong/deck/utils/types.go:75.2,78.31 3 6
github.com/kong/deck/utils/types.go:78.31,80.3 1 7
github.com/kong/deck/utils/types.go:81.2,81.12 1 6
github.com/kong/deck/utils/types.go:84.40,87.31 2 0
github.com/kong/deck/utils/types.go:87.31,89.3 1 0
github.com/kong/deck/utils/types.go:90.2,90.16 1 0
github.com/kong/deck/utils/types.go:137.72,141.2 3 0
github.com/kong/deck/utils/types.go:153.97,159.66 2 0
github.com/kong/deck/utils/types.go:159.66,160.46 1 0
github.com/kong/deck/utils/types.go:160.46,161.71 1 0
github.com/kong/deck/utils/types.go:161.71,163.5 1 0
github.com/kong/deck/utils/types.go:167.2,169.43 3 0
github.com/kong/deck/utils/types.go:169.43,171.3 1 0
github.com/kong/deck/utils/types.go:172.2,172.14 1 0
github.com/kong/deck/utils/types.go:177.83,179.22 1 0
github.com/kong/deck/utils/types.go:179.22,181.3 1 0
github.com/kong/deck/utils/types.go:186.2,186.66 1 0
github.com/kong/deck/utils/types.go:186.66,188.3 1 0
github.com/kong/deck/utils/types.go:189.2,189.19 1 0
github.com/kong/deck/utils/types.go:192.59,208.2 10 0
github.com/kong/deck/utils/types.go:211.64,213.23 2 0
github.com/kong/deck/utils/types.go:213.23,215.3 1 0
github.com/kong/deck/utils/types.go:216.2,216.29 1 0
github.com/kong/deck/utils/types.go:216.29,218.3 1 0
github.com/kong/deck/utils/types.go:220.2,220.25 1 0
github.com/kong/deck/utils/types.go:220.25,223.10 3 0
github.com/kong/deck/utils/types.go:223.10,225.4 1 0
github.com/kong/deck/utils/types.go:226.3,226.31 1 0
github.com/kong/deck/utils/types.go:229.2,229.55 1 0
github.com/kong/deck/utils/types.go:229.55,232.17 2 0
github.com/kong/deck/utils/types.go:232.17,234.4 1 0
github.com/kong/deck/utils/types.go:235.3,235.51 1 0
github.com/kong/deck/utils/types.go:238.2,240.14 3 0
github.com/kong/deck/utils/types.go:240.14,242.3 1 0
github.com/kong/deck/utils/types.go:243.2,249.16 6 0
github.com/kong/deck/utils/types.go:249.16,251.3 1 0
github.com/kong/deck/utils/types.go:252.2,254.19 2 0
github.com/kong/deck/utils/types.go:254.19,256.3 1 0
github.com/kong/deck/utils/types.go:258.2,259.16 2 0
github.com/kong/deck/utils/types.go:259.16,261.3 1 0
github.com/kong/deck/utils/types.go:263.2,263.29 1 0
github.com/kong/deck/utils/types.go:263.29,265.17 2 0
github.com/kong/deck/utils/types.go:265.17,267.4 1 0
github.com/kong/deck/utils/types.go:268.3,268.14 1 0
github.com/kong/deck/utils/types.go:271.2,272.16 2 0
github.com/kong/deck/utils/types.go:272.16,274.3 1 0
github.com/kong/deck/utils/types.go:275.2,275.15 1 0
github.com/kong/deck/utils/types.go:275.15,278.3 2 0
github.com/kong/deck/utils/types.go:279.2,279.25 1 0
github.com/kong/deck/utils/types.go:279.25,281.3 1 0
github.com/kong/deck/utils/types.go:282.2,282.24 1 0
github.com/kong/deck/utils/types.go:285.58,288.35 3 4
github.com/kong/deck/utils/types.go:288.35,290.29 2 3
github.com/kong/deck/utils/types.go:290.29,292.4 1 2
github.com/kong/deck/utils/types.go:292.9,294.4 1 1
github.com/kong/deck/utils/types.go:296.2,296.17 1 3
github.com/kong/deck/utils/types.go:301.3,304.23 2 0
github.com/kong/deck/utils/types.go:304.23,309.3 4 0
github.com/kong/deck/utils/types.go:310.2,311.16 2 0
github.com/kong/deck/utils/types.go:311.16,313.3 1 0
github.com/kong/deck/utils/types.go:314.2,318.16 3 0
github.com/kong/deck/utils/types.go:318.16,320.3 1 0
github.com/kong/deck/utils/types.go:321.2,321.18 1 0
github.com/kong/deck/utils/types.go:321.18,324.3 2 0
github.com/kong/deck/utils/types.go:325.2,325.20 1 0
github.com/kong/deck/utils/types.go:329.42,332.2 2 5
github.com/kong/deck/utils/types.go:336.32,347.2 1 0
github.com/kong/deck/utils/utils.go:51.40,53.2 1 10
github.com/kong/deck/utils/utils.go:56.28,58.2 1 7
github.com/kong/deck/utils/utils.go:65.55,67.22 2 18
github.com/kong/deck/utils/utils.go:67.22,69.3 1 4
github.com/kong/deck/utils/utils.go:70.2,70.24 1 14
github.com/kong/deck/utils/utils.go:73.52,74.34 1 2
github.com/kong/deck/utils/utils.go:74.34,76.3 1 1
github.com/kong/deck/utils/utils.go:77.2,77.17 1 2
github.com/kong/deck/utils/utils.go:84.41,88.2 3 2
github.com/kong/deck/utils/utils.go:93.45,95.2 1 1
github.com/kong/deck/utils/utils.go:97.57,101.23 3 0
github.com/kong/deck/utils/utils.go:101.23,104.3 1 0
github.com/kong/deck/utils/utils.go:105.2,107.20 3 0
github.com/kong/deck/utils/utils.go:110.55,111.26 1 0
github.com/kong/deck/utils/utils.go:111.26,112.16 1 0
github.com/kong/deck/utils/utils.go:112.16,114.4 1 0
github.com/kong/deck/utils/utils.go:116.2,116.14 1 0
github.com/kong/deck/utils/utils.go:120.40,122.27 2 0
github.com/kong/deck/utils/utils.go:122.27,123.34 1 0
github.com/kong/deck/utils/utils.go:123.34,124.12 1 0
github.com/kong/deck/utils/utils.go:126.3,126.33 1 0
github.com/kong/deck/utils/utils.go:128.2,128.19 1 0
github.com/kong/deck/utils/utils.go:131.78,132.19 1 13
github.com/kong/deck/utils/utils.go:132.19,134.3 1 13
github.com/kong/deck/utils/utils.go:135.2,136.21 2 0
github.com/kong/deck/utils/utils.go:136.21,138.3 1 0
github.com/kong/deck/utils/utils.go:139.2,139.50 1 0
github.com/kong/deck/utils/utils.go:152.59,154.23 2 0
github.com/kong/deck/utils/utils.go:154.23,156.3 1 0
github.com/kong/deck/utils/utils.go:157.2,157.17 1 0
github.com/kong/deck/utils/utils.go:162.74,164.19 2 0
github.com/kong/deck/utils/utils.go:164.19,166.3 1 0
github.com/kong/deck/utils/utils.go:167.2,167.22 1 0
github.com/kong/deck/utils/utils.go:172.56,174.19 2 0
github.com/kong/deck/utils/utils.go:174.19,176.3 1 0
github.com/kong/deck/utils/utils.go:177.2,177.16 1 0
github.com/kong/deck/utils/utils.go:182.50,184.19 2 0
github.com/kong/deck/utils/utils.go:184.19,186.3 1 0
github.com/kong/deck/utils/utils.go:187.2,187.14 1 0
github.com/kong/deck/utils/utils.go:193.63,195.16 2 9
github.com/kong/deck/utils/utils.go:195.16,197.3 1 2
github.com/kong/deck/utils/utils.go:198.2,198.32 1 7
github.com/kong/deck/utils/utils.go:203.53,207.56 2 0
github.com/kong/deck/utils/utils.go:207.56,208.18 1 0
github.com/kong/deck/utils/utils.go:208.18,210.5 1 0
github.com/kong/deck/utils/utils.go:211.4,211.20 1 0
github.com/kong/deck/utils/utils.go:211.20,213.5 1 0
github.com/kong/deck/utils/utils.go:214.4,214.47 1 0
github.com/kong/deck/utils/utils.go:215.34,216.28 1 0
github.com/kong/deck/utils/utils.go:218.4,218.14 1 0
github.com/kong/deck/utils/utils.go:221.2,221.16 1 0
github.com/kong/deck/utils/utils.go:221.16,223.3 1 0
github.com/kong/deck/utils/utils.go:224.2,224.17 1 0
github.com/kong/deck/utils/utils.go:229.58,230.32 1 0
github.com/kong/deck/utils/utils.go:230.32,231.58 1 0
github.com/kong/deck/utils/utils.go:231.58,232.12 1 0
github.com/kong/deck/utils/utils.go:234.3,234.14 1 0
github.com/kong/deck/utils/utils.go:236.2,236.14 1 0
github.com/kong/deck/utils/utils.go:240.57,243.31 2 0
github.com/kong/deck/utils/utils.go:243.31,245.3 1 0
github.com/kong/deck/utils/utils.go:246.2,251.3 1 0
github.com/kong/deck/utils/uuid.go:8.20,10.2 1 1
github.com/kong/deck/utils/zero.go:9.50,11.31 2 5
github.com/kong/deck/utils/zero.go:11.31,13.3 1 1
github.com/kong/deck/utils/zero.go:14.2,16.16 3 4
github.com/kong/deck/utils/zero.go:16.16,18.3 1 0
github.com/kong/deck/utils/zero.go:19.2,19.33 1 4
github.com/kong/deck/utils/zero.go:22.63,24.12 1 5
github.com/kong/deck/utils/zero.go:24.12,26.3 1 1
github.com/kong/deck/utils/zero.go:28.2,28.20 1 4
github.com/kong/deck/utils/zero.go:28.20,30.3 1 1
github.com/kong/deck/utils/zero.go:32.2,32.25 1 3
github.com/kong/deck/utils/zero.go:35.41,38.2 2 1
